init dist ..  pytorch
2024-11-07 01:18:03,454 INFO: 
                ____                _       _____  ____
               / __ ) ____ _ _____ (_)_____/ ___/ / __ \
              / __  |/ __ `// ___// // ___/\__ \ / /_/ /
             / /_/ // /_/ /(__  )/ // /__ ___/ // _, _/
            /_____/ \__,_//____//_/ \___//____//_/ |_|
     ______                   __   __                 __      __
    / ____/____   ____   ____/ /  / /   __  __ _____ / /__   / /
   / / __ / __ \ / __ \ / __  /  / /   / / / // ___// //_/  / /
  / /_/ // /_/ // /_/ // /_/ /  / /___/ /_/ // /__ / /<    /_/
  \____/ \____/ \____/ \____/  /_____/\____/ \___//_/|_|  (_)
    
Version Information: 
	BasicSR: 1.2.0+HEAD
	PyTorch: 1.8.1+cu101
	TorchVision: 0.9.1+cu101
2024-11-07 01:18:03,454 INFO: 
  name: RealDenoising_MIRNet_v2_1106
  model_type: ImageCleanModel
  scale: 1
  num_gpu: 1
  manual_seed: 100
  datasets:[
    train:[
      name: TrainSet
      type: Dataset_PairedImage
      dataroot_gt: /home/nvidia/heqing/data/dataset_20241031/train_crops/target_crops1
      dataroot_lq: /home/nvidia/heqing/data/dataset_20241031/train_crops/input_crops1
      geometric_augs: True
      filename_tmpl: {}
      io_backend:[
        type: disk
      ]
      use_shuffle: True
      num_worker_per_gpu: 8
      batch_size_per_gpu: 16
      mini_batch_sizes: [4, 4, 4, 4, 4, 4]
      iters: [92000, 64000, 48000, 36000, 36000, 24000]
      gt_size: 384
      gt_sizes: [256, 256, 256, 256, 256, 256]
      dataset_enlarge_ratio: 1
      prefetch_mode: cuda
      pin_memory: True
      phase: train
      scale: 1
    ]
    val:[
      name: ValSet
      type: Dataset_PairedImage
      dataroot_gt: /home/nvidia/heqing/data/dataset_20241031/train_crops/target_crops1
      dataroot_lq: /home/nvidia/heqing/data/dataset_20241031/train_crops/input_crops1
      io_backend:[
        type: disk
      ]
      phase: val
      scale: 1
    ]
  ]
  network_g:[
    type: MIRNet_v2
    inp_channels: 1
    out_channels: 1
    n_feat: 64
    chan_factor: 2
    n_RRG: 4
    n_MRB: 2
    height: 3
    width: 2
    scale: 1
  ]
  path:[
    pretrain_network_g: None
    strict_load_g: True
    resume_state: experiments/RealDenoising_MIRNet_v2_1106/training_states/4000.state
    root: /home/nvidia/heqing/code/MIRNetv2_1104
    experiments_root: /home/nvidia/heqing/code/MIRNetv2_1104/experiments/RealDenoising_MIRNet_v2_1106
    models: /home/nvidia/heqing/code/MIRNetv2_1104/experiments/RealDenoising_MIRNet_v2_1106/models
    training_states: /home/nvidia/heqing/code/MIRNetv2_1104/experiments/RealDenoising_MIRNet_v2_1106/training_states
    log: /home/nvidia/heqing/code/MIRNetv2_1104/experiments/RealDenoising_MIRNet_v2_1106
    visualization: /home/nvidia/heqing/code/MIRNetv2_1104/experiments/RealDenoising_MIRNet_v2_1106/visualization
  ]
  train:[
    total_iter: 300000
    warmup_iter: -1
    use_grad_clip: True
    scheduler:[
      type: CosineAnnealingRestartCyclicLR
      periods: [92000, 208000]
      restart_weights: [1, 1]
      eta_mins: [0.0003, 1e-06]
    ]
    mixing_augs:[
      mixup: True
      mixup_beta: 1.2
      use_identity: True
    ]
    optim_g:[
      type: Adam
      lr: 0.0002
      betas: [0.9, 0.999]
    ]
    pixel_opt:[
      type: L1Loss
      loss_weight: 1
      reduction: mean
    ]
  ]
  val:[
    window_size: 4
    val_freq: 4000.0
    save_img: False
    rgb2bgr: True
    use_image: False
    max_minibatch: 8
    metrics:[
      psnr:[
        type: calculate_psnr
        crop_border: 0
        test_y_channel: False
      ]
    ]
  ]
  logger:[
    print_freq: 1000
    save_checkpoint_freq: 4000.0
    use_tb_logger: True
    wandb:[
      project: None
      resume_id: None
    ]
  ]
  dist_params:[
    backend: nccl
    port: 29500
  ]
  is_train: True
  dist: True
  rank: 0
  world_size: 1

2024-11-07 01:18:05,012 INFO: Dataset Dataset_PairedImage - TrainSet is created.
2024-11-07 01:18:05,012 INFO: Training statistics:
	Number of train images: 10800
	Dataset enlarge ratio: 1
	Batch size per gpu: 16
	World size (gpu number): 1
	Require iter number per epoch: 675
	Total epochs: 445; iters: 300000.
2024-11-07 01:18:06,346 INFO: Dataset Dataset_PairedImage - ValSet is created.
2024-11-07 01:18:06,346 INFO: Number of val images/folders in ValSet: 10800
2024-11-07 01:18:06,346 INFO: Set pretrain_network_g to /home/nvidia/heqing/code/MIRNetv2_1104/experiments/RealDenoising_MIRNet_v2_1106/models/net_g_4000.pth
2024-11-07 01:18:06,523 INFO: Network: DistributedDataParallel - MIRNet_v2, with parameters: 6,396,192
2024-11-07 01:18:06,523 INFO: MIRNet_v2(
  (conv_in): Conv2d(1, 64, kernel_size=(3, 3), stride=(1, 1), padding=(1, 1), bias=False)
  (mrb1): MRB(
    (dau_top): RCB(
      (body): Sequential(
        (0): Conv2d(64, 64, kernel_size=(3, 3), stride=(1, 1), padding=(1, 1), bias=False)
        (1): LeakyReLU(negative_slope=0.2)
        (2): Conv2d(64, 64, kernel_size=(3, 3), stride=(1, 1), padding=(1, 1), bias=False)
        (3): LeakyReLU(negative_slope=0.2)
        (4): Conv2d(64, 64, kernel_size=(3, 3), stride=(1, 1), padding=(1, 1), bias=False)
        (5): LeakyReLU(negative_slope=0.2)
        (6): Conv2d(64, 64, kernel_size=(3, 3), stride=(1, 1), padding=(1, 1), bias=False)
      )
      (act): LeakyReLU(negative_slope=0.2)
      (afnp): AFNPBlock(
        (Conv_query): Sequential(
          (0): Conv2d(64, 32, kernel_size=(1, 1), stride=(1, 1))
          (1): BatchNorm2d(32, eps=1e-05, momentum=0.1, affine=True, track_running_stats=True)
          (2): ReLU()
        )
        (Conv_key): Sequential(
          (0): Conv2d(64, 32, kernel_size=(1, 1), stride=(1, 1))
          (1): BatchNorm2d(32, eps=1e-05, momentum=0.1, affine=True, track_running_stats=True)
          (2): ReLU()
        )
        (Conv_value): Conv2d(64, 64, kernel_size=(1, 1), stride=(1, 1))
        (ConvOut): Conv2d(64, 64, kernel_size=(1, 1), stride=(1, 1))
        (ppm): PPMModule(
          (0): Sequential(
            (0): AdaptiveAvgPool2d(output_size=1)
          )
          (1): Sequential(
            (0): AdaptiveAvgPool2d(output_size=2)
          )
          (2): Sequential(
            (0): AdaptiveAvgPool2d(output_size=4)
          )
          (3): Sequential(
            (0): AdaptiveAvgPool2d(output_size=8)
          )
        )
      )
    )
    (dau_mid): RCB(
      (body): Sequential(
        (0): Conv2d(128, 128, kernel_size=(3, 3), stride=(1, 1), padding=(1, 1), bias=False)
        (1): LeakyReLU(negative_slope=0.2)
        (2): Conv2d(128, 128, kernel_size=(3, 3), stride=(1, 1), padding=(1, 1), bias=False)
        (3): LeakyReLU(negative_slope=0.2)
        (4): Conv2d(128, 128, kernel_size=(3, 3), stride=(1, 1), padding=(1, 1), bias=False)
        (5): LeakyReLU(negative_slope=0.2)
        (6): Conv2d(128, 128, kernel_size=(3, 3), stride=(1, 1), padding=(1, 1), bias=False)
      )
      (act): LeakyReLU(negative_slope=0.2)
      (afnp): AFNPBlock(
        (Conv_query): Sequential(
          (0): Conv2d(128, 64, kernel_size=(1, 1), stride=(1, 1))
          (1): BatchNorm2d(64, eps=1e-05, momentum=0.1, affine=True, track_running_stats=True)
          (2): ReLU()
        )
        (Conv_key): Sequential(
          (0): Conv2d(128, 64, kernel_size=(1, 1), stride=(1, 1))
          (1): BatchNorm2d(64, eps=1e-05, momentum=0.1, affine=True, track_running_stats=True)
          (2): ReLU()
        )
        (Conv_value): Conv2d(128, 128, kernel_size=(1, 1), stride=(1, 1))
        (ConvOut): Conv2d(128, 128, kernel_size=(1, 1), stride=(1, 1))
        (ppm): PPMModule(
          (0): Sequential(
            (0): AdaptiveAvgPool2d(output_size=1)
          )
          (1): Sequential(
            (0): AdaptiveAvgPool2d(output_size=2)
          )
          (2): Sequential(
            (0): AdaptiveAvgPool2d(output_size=4)
          )
          (3): Sequential(
            (0): AdaptiveAvgPool2d(output_size=8)
          )
        )
      )
    )
    (dau_bot): RCB(
      (body): Sequential(
        (0): Conv2d(256, 256, kernel_size=(3, 3), stride=(1, 1), padding=(1, 1), bias=False)
        (1): LeakyReLU(negative_slope=0.2)
        (2): Conv2d(256, 256, kernel_size=(3, 3), stride=(1, 1), padding=(1, 1), bias=False)
        (3): LeakyReLU(negative_slope=0.2)
        (4): Conv2d(256, 256, kernel_size=(3, 3), stride=(1, 1), padding=(1, 1), bias=False)
        (5): LeakyReLU(negative_slope=0.2)
        (6): Conv2d(256, 256, kernel_size=(3, 3), stride=(1, 1), padding=(1, 1), bias=False)
      )
      (act): LeakyReLU(negative_slope=0.2)
      (afnp): AFNPBlock(
        (Conv_query): Sequential(
          (0): Conv2d(256, 128, kernel_size=(1, 1), stride=(1, 1))
          (1): BatchNorm2d(128, eps=1e-05, momentum=0.1, affine=True, track_running_stats=True)
          (2): ReLU()
        )
        (Conv_key): Sequential(
          (0): Conv2d(256, 128, kernel_size=(1, 1), stride=(1, 1))
          (1): BatchNorm2d(128, eps=1e-05, momentum=0.1, affine=True, track_running_stats=True)
          (2): ReLU()
        )
        (Conv_value): Conv2d(256, 256, kernel_size=(1, 1), stride=(1, 1))
        (ConvOut): Conv2d(256, 256, kernel_size=(1, 1), stride=(1, 1))
        (ppm): PPMModule(
          (0): Sequential(
            (0): AdaptiveAvgPool2d(output_size=1)
          )
          (1): Sequential(
            (0): AdaptiveAvgPool2d(output_size=2)
          )
          (2): Sequential(
            (0): AdaptiveAvgPool2d(output_size=4)
          )
          (3): Sequential(
            (0): AdaptiveAvgPool2d(output_size=8)
          )
        )
      )
    )
    (down2): DownSample(
      (body): Sequential(
        (0): Down(
          (bot): Sequential(
            (0): AvgPool2d(kernel_size=2, stride=2, padding=0)
            (1): Conv2d(64, 128, kernel_size=(1, 1), stride=(1, 1), bias=False)
          )
        )
      )
    )
    (down4): Sequential(
      (0): DownSample(
        (body): Sequential(
          (0): Down(
            (bot): Sequential(
              (0): AvgPool2d(kernel_size=2, stride=2, padding=0)
              (1): Conv2d(64, 128, kernel_size=(1, 1), stride=(1, 1), bias=False)
            )
          )
        )
      )
      (1): DownSample(
        (body): Sequential(
          (0): Down(
            (bot): Sequential(
              (0): AvgPool2d(kernel_size=2, stride=2, padding=0)
              (1): Conv2d(128, 256, kernel_size=(1, 1), stride=(1, 1), bias=False)
            )
          )
        )
      )
    )
    (up21): UpSample(
      (body): Sequential(
        (0): Up(
          (bot): Sequential(
            (0): Conv2d(128, 64, kernel_size=(1, 1), stride=(1, 1), bias=False)
            (1): Upsample(scale_factor=2.0, mode=bilinear)
          )
        )
      )
    )
    (up32): UpSample(
      (body): Sequential(
        (0): Up(
          (bot): Sequential(
            (0): Conv2d(256, 128, kernel_size=(1, 1), stride=(1, 1), bias=False)
            (1): Upsample(scale_factor=2.0, mode=bilinear)
          )
        )
      )
    )
    (conv_out): Conv2d(64, 64, kernel_size=(1, 1), stride=(1, 1), bias=False)
    (skff_top): SKFF(
      (avg_pool): AdaptiveAvgPool2d(output_size=1)
      (conv_du): Sequential(
        (0): Conv2d(64, 8, kernel_size=(1, 1), stride=(1, 1), bias=False)
        (1): LeakyReLU(negative_slope=0.2)
      )
      (fcs): ModuleList(
        (0): Conv2d(8, 64, kernel_size=(1, 1), stride=(1, 1), bias=False)
        (1): Conv2d(8, 64, kernel_size=(1, 1), stride=(1, 1), bias=False)
      )
      (softmax): Softmax(dim=1)
    )
    (skff_mid): SKFF(
      (avg_pool): AdaptiveAvgPool2d(output_size=1)
      (conv_du): Sequential(
        (0): Conv2d(128, 16, kernel_size=(1, 1), stride=(1, 1), bias=False)
        (1): LeakyReLU(negative_slope=0.2)
      )
      (fcs): ModuleList(
        (0): Conv2d(16, 128, kernel_size=(1, 1), stride=(1, 1), bias=False)
        (1): Conv2d(16, 128, kernel_size=(1, 1), stride=(1, 1), bias=False)
      )
      (softmax): Softmax(dim=1)
    )
  )
  (mrb2): MRB(
    (dau_top): RCB(
      (body): Sequential(
        (0): Conv2d(64, 64, kernel_size=(3, 3), stride=(1, 1), padding=(1, 1), groups=2, bias=False)
        (1): LeakyReLU(negative_slope=0.2)
        (2): Conv2d(64, 64, kernel_size=(3, 3), stride=(1, 1), padding=(1, 1), groups=2, bias=False)
        (3): LeakyReLU(negative_slope=0.2)
        (4): Conv2d(64, 64, kernel_size=(3, 3), stride=(1, 1), padding=(1, 1), groups=2, bias=False)
        (5): LeakyReLU(negative_slope=0.2)
        (6): Conv2d(64, 64, kernel_size=(3, 3), stride=(1, 1), padding=(1, 1), groups=2, bias=False)
      )
      (act): LeakyReLU(negative_slope=0.2)
      (afnp): AFNPBlock(
        (Conv_query): Sequential(
          (0): Conv2d(64, 32, kernel_size=(1, 1), stride=(1, 1))
          (1): BatchNorm2d(32, eps=1e-05, momentum=0.1, affine=True, track_running_stats=True)
          (2): ReLU()
        )
        (Conv_key): Sequential(
          (0): Conv2d(64, 32, kernel_size=(1, 1), stride=(1, 1))
          (1): BatchNorm2d(32, eps=1e-05, momentum=0.1, affine=True, track_running_stats=True)
          (2): ReLU()
        )
        (Conv_value): Conv2d(64, 64, kernel_size=(1, 1), stride=(1, 1))
        (ConvOut): Conv2d(64, 64, kernel_size=(1, 1), stride=(1, 1))
        (ppm): PPMModule(
          (0): Sequential(
            (0): AdaptiveAvgPool2d(output_size=1)
          )
          (1): Sequential(
            (0): AdaptiveAvgPool2d(output_size=2)
          )
          (2): Sequential(
            (0): AdaptiveAvgPool2d(output_size=4)
          )
          (3): Sequential(
            (0): AdaptiveAvgPool2d(output_size=8)
          )
        )
      )
    )
    (dau_mid): RCB(
      (body): Sequential(
        (0): Conv2d(128, 128, kernel_size=(3, 3), stride=(1, 1), padding=(1, 1), groups=2, bias=False)
        (1): LeakyReLU(negative_slope=0.2)
        (2): Conv2d(128, 128, kernel_size=(3, 3), stride=(1, 1), padding=(1, 1), groups=2, bias=False)
        (3): LeakyReLU(negative_slope=0.2)
        (4): Conv2d(128, 128, kernel_size=(3, 3), stride=(1, 1), padding=(1, 1), groups=2, bias=False)
        (5): LeakyReLU(negative_slope=0.2)
        (6): Conv2d(128, 128, kernel_size=(3, 3), stride=(1, 1), padding=(1, 1), groups=2, bias=False)
      )
      (act): LeakyReLU(negative_slope=0.2)
      (afnp): AFNPBlock(
        (Conv_query): Sequential(
          (0): Conv2d(128, 64, kernel_size=(1, 1), stride=(1, 1))
          (1): BatchNorm2d(64, eps=1e-05, momentum=0.1, affine=True, track_running_stats=True)
          (2): ReLU()
        )
        (Conv_key): Sequential(
          (0): Conv2d(128, 64, kernel_size=(1, 1), stride=(1, 1))
          (1): BatchNorm2d(64, eps=1e-05, momentum=0.1, affine=True, track_running_stats=True)
          (2): ReLU()
        )
        (Conv_value): Conv2d(128, 128, kernel_size=(1, 1), stride=(1, 1))
        (ConvOut): Conv2d(128, 128, kernel_size=(1, 1), stride=(1, 1))
        (ppm): PPMModule(
          (0): Sequential(
            (0): AdaptiveAvgPool2d(output_size=1)
          )
          (1): Sequential(
            (0): AdaptiveAvgPool2d(output_size=2)
          )
          (2): Sequential(
            (0): AdaptiveAvgPool2d(output_size=4)
          )
          (3): Sequential(
            (0): AdaptiveAvgPool2d(output_size=8)
          )
        )
      )
    )
    (dau_bot): RCB(
      (body): Sequential(
        (0): Conv2d(256, 256, kernel_size=(3, 3), stride=(1, 1), padding=(1, 1), groups=2, bias=False)
        (1): LeakyReLU(negative_slope=0.2)
        (2): Conv2d(256, 256, kernel_size=(3, 3), stride=(1, 1), padding=(1, 1), groups=2, bias=False)
        (3): LeakyReLU(negative_slope=0.2)
        (4): Conv2d(256, 256, kernel_size=(3, 3), stride=(1, 1), padding=(1, 1), groups=2, bias=False)
        (5): LeakyReLU(negative_slope=0.2)
        (6): Conv2d(256, 256, kernel_size=(3, 3), stride=(1, 1), padding=(1, 1), groups=2, bias=False)
      )
      (act): LeakyReLU(negative_slope=0.2)
      (afnp): AFNPBlock(
        (Conv_query): Sequential(
          (0): Conv2d(256, 128, kernel_size=(1, 1), stride=(1, 1))
          (1): BatchNorm2d(128, eps=1e-05, momentum=0.1, affine=True, track_running_stats=True)
          (2): ReLU()
        )
        (Conv_key): Sequential(
          (0): Conv2d(256, 128, kernel_size=(1, 1), stride=(1, 1))
          (1): BatchNorm2d(128, eps=1e-05, momentum=0.1, affine=True, track_running_stats=True)
          (2): ReLU()
        )
        (Conv_value): Conv2d(256, 256, kernel_size=(1, 1), stride=(1, 1))
        (ConvOut): Conv2d(256, 256, kernel_size=(1, 1), stride=(1, 1))
        (ppm): PPMModule(
          (0): Sequential(
            (0): AdaptiveAvgPool2d(output_size=1)
          )
          (1): Sequential(
            (0): AdaptiveAvgPool2d(output_size=2)
          )
          (2): Sequential(
            (0): AdaptiveAvgPool2d(output_size=4)
          )
          (3): Sequential(
            (0): AdaptiveAvgPool2d(output_size=8)
          )
        )
      )
    )
    (down2): DownSample(
      (body): Sequential(
        (0): Down(
          (bot): Sequential(
            (0): AvgPool2d(kernel_size=2, stride=2, padding=0)
            (1): Conv2d(64, 128, kernel_size=(1, 1), stride=(1, 1), bias=False)
          )
        )
      )
    )
    (down4): Sequential(
      (0): DownSample(
        (body): Sequential(
          (0): Down(
            (bot): Sequential(
              (0): AvgPool2d(kernel_size=2, stride=2, padding=0)
              (1): Conv2d(64, 128, kernel_size=(1, 1), stride=(1, 1), bias=False)
            )
          )
        )
      )
      (1): DownSample(
        (body): Sequential(
          (0): Down(
            (bot): Sequential(
              (0): AvgPool2d(kernel_size=2, stride=2, padding=0)
              (1): Conv2d(128, 256, kernel_size=(1, 1), stride=(1, 1), bias=False)
            )
          )
        )
      )
    )
    (up21): UpSample(
      (body): Sequential(
        (0): Up(
          (bot): Sequential(
            (0): Conv2d(128, 64, kernel_size=(1, 1), stride=(1, 1), bias=False)
            (1): Upsample(scale_factor=2.0, mode=bilinear)
          )
        )
      )
    )
    (up32): UpSample(
      (body): Sequential(
        (0): Up(
          (bot): Sequential(
            (0): Conv2d(256, 128, kernel_size=(1, 1), stride=(1, 1), bias=False)
            (1): Upsample(scale_factor=2.0, mode=bilinear)
          )
        )
      )
    )
    (conv_out): Conv2d(64, 64, kernel_size=(1, 1), stride=(1, 1), bias=False)
    (skff_top): SKFF(
      (avg_pool): AdaptiveAvgPool2d(output_size=1)
      (conv_du): Sequential(
        (0): Conv2d(64, 8, kernel_size=(1, 1), stride=(1, 1), bias=False)
        (1): LeakyReLU(negative_slope=0.2)
      )
      (fcs): ModuleList(
        (0): Conv2d(8, 64, kernel_size=(1, 1), stride=(1, 1), bias=False)
        (1): Conv2d(8, 64, kernel_size=(1, 1), stride=(1, 1), bias=False)
      )
      (softmax): Softmax(dim=1)
    )
    (skff_mid): SKFF(
      (avg_pool): AdaptiveAvgPool2d(output_size=1)
      (conv_du): Sequential(
        (0): Conv2d(128, 16, kernel_size=(1, 1), stride=(1, 1), bias=False)
        (1): LeakyReLU(negative_slope=0.2)
      )
      (fcs): ModuleList(
        (0): Conv2d(16, 128, kernel_size=(1, 1), stride=(1, 1), bias=False)
        (1): Conv2d(16, 128, kernel_size=(1, 1), stride=(1, 1), bias=False)
      )
      (softmax): Softmax(dim=1)
    )
  )
  (mrb3): MRB(
    (dau_top): RCB(
      (body): Sequential(
        (0): Conv2d(64, 64, kernel_size=(3, 3), stride=(1, 1), padding=(1, 1), groups=4, bias=False)
        (1): LeakyReLU(negative_slope=0.2)
        (2): Conv2d(64, 64, kernel_size=(3, 3), stride=(1, 1), padding=(1, 1), groups=4, bias=False)
        (3): LeakyReLU(negative_slope=0.2)
        (4): Conv2d(64, 64, kernel_size=(3, 3), stride=(1, 1), padding=(1, 1), groups=4, bias=False)
        (5): LeakyReLU(negative_slope=0.2)
        (6): Conv2d(64, 64, kernel_size=(3, 3), stride=(1, 1), padding=(1, 1), groups=4, bias=False)
      )
      (act): LeakyReLU(negative_slope=0.2)
      (afnp): AFNPBlock(
        (Conv_query): Sequential(
          (0): Conv2d(64, 32, kernel_size=(1, 1), stride=(1, 1))
          (1): BatchNorm2d(32, eps=1e-05, momentum=0.1, affine=True, track_running_stats=True)
          (2): ReLU()
        )
        (Conv_key): Sequential(
          (0): Conv2d(64, 32, kernel_size=(1, 1), stride=(1, 1))
          (1): BatchNorm2d(32, eps=1e-05, momentum=0.1, affine=True, track_running_stats=True)
          (2): ReLU()
        )
        (Conv_value): Conv2d(64, 64, kernel_size=(1, 1), stride=(1, 1))
        (ConvOut): Conv2d(64, 64, kernel_size=(1, 1), stride=(1, 1))
        (ppm): PPMModule(
          (0): Sequential(
            (0): AdaptiveAvgPool2d(output_size=1)
          )
          (1): Sequential(
            (0): AdaptiveAvgPool2d(output_size=2)
          )
          (2): Sequential(
            (0): AdaptiveAvgPool2d(output_size=4)
          )
          (3): Sequential(
            (0): AdaptiveAvgPool2d(output_size=8)
          )
        )
      )
    )
    (dau_mid): RCB(
      (body): Sequential(
        (0): Conv2d(128, 128, kernel_size=(3, 3), stride=(1, 1), padding=(1, 1), groups=4, bias=False)
        (1): LeakyReLU(negative_slope=0.2)
        (2): Conv2d(128, 128, kernel_size=(3, 3), stride=(1, 1), padding=(1, 1), groups=4, bias=False)
        (3): LeakyReLU(negative_slope=0.2)
        (4): Conv2d(128, 128, kernel_size=(3, 3), stride=(1, 1), padding=(1, 1), groups=4, bias=False)
        (5): LeakyReLU(negative_slope=0.2)
        (6): Conv2d(128, 128, kernel_size=(3, 3), stride=(1, 1), padding=(1, 1), groups=4, bias=False)
      )
      (act): LeakyReLU(negative_slope=0.2)
      (afnp): AFNPBlock(
        (Conv_query): Sequential(
          (0): Conv2d(128, 64, kernel_size=(1, 1), stride=(1, 1))
          (1): BatchNorm2d(64, eps=1e-05, momentum=0.1, affine=True, track_running_stats=True)
          (2): ReLU()
        )
        (Conv_key): Sequential(
          (0): Conv2d(128, 64, kernel_size=(1, 1), stride=(1, 1))
          (1): BatchNorm2d(64, eps=1e-05, momentum=0.1, affine=True, track_running_stats=True)
          (2): ReLU()
        )
        (Conv_value): Conv2d(128, 128, kernel_size=(1, 1), stride=(1, 1))
        (ConvOut): Conv2d(128, 128, kernel_size=(1, 1), stride=(1, 1))
        (ppm): PPMModule(
          (0): Sequential(
            (0): AdaptiveAvgPool2d(output_size=1)
          )
          (1): Sequential(
            (0): AdaptiveAvgPool2d(output_size=2)
          )
          (2): Sequential(
            (0): AdaptiveAvgPool2d(output_size=4)
          )
          (3): Sequential(
            (0): AdaptiveAvgPool2d(output_size=8)
          )
        )
      )
    )
    (dau_bot): RCB(
      (body): Sequential(
        (0): Conv2d(256, 256, kernel_size=(3, 3), stride=(1, 1), padding=(1, 1), groups=4, bias=False)
        (1): LeakyReLU(negative_slope=0.2)
        (2): Conv2d(256, 256, kernel_size=(3, 3), stride=(1, 1), padding=(1, 1), groups=4, bias=False)
        (3): LeakyReLU(negative_slope=0.2)
        (4): Conv2d(256, 256, kernel_size=(3, 3), stride=(1, 1), padding=(1, 1), groups=4, bias=False)
        (5): LeakyReLU(negative_slope=0.2)
        (6): Conv2d(256, 256, kernel_size=(3, 3), stride=(1, 1), padding=(1, 1), groups=4, bias=False)
      )
      (act): LeakyReLU(negative_slope=0.2)
      (afnp): AFNPBlock(
        (Conv_query): Sequential(
          (0): Conv2d(256, 128, kernel_size=(1, 1), stride=(1, 1))
          (1): BatchNorm2d(128, eps=1e-05, momentum=0.1, affine=True, track_running_stats=True)
          (2): ReLU()
        )
        (Conv_key): Sequential(
          (0): Conv2d(256, 128, kernel_size=(1, 1), stride=(1, 1))
          (1): BatchNorm2d(128, eps=1e-05, momentum=0.1, affine=True, track_running_stats=True)
          (2): ReLU()
        )
        (Conv_value): Conv2d(256, 256, kernel_size=(1, 1), stride=(1, 1))
        (ConvOut): Conv2d(256, 256, kernel_size=(1, 1), stride=(1, 1))
        (ppm): PPMModule(
          (0): Sequential(
            (0): AdaptiveAvgPool2d(output_size=1)
          )
          (1): Sequential(
            (0): AdaptiveAvgPool2d(output_size=2)
          )
          (2): Sequential(
            (0): AdaptiveAvgPool2d(output_size=4)
          )
          (3): Sequential(
            (0): AdaptiveAvgPool2d(output_size=8)
          )
        )
      )
    )
    (down2): DownSample(
      (body): Sequential(
        (0): Down(
          (bot): Sequential(
            (0): AvgPool2d(kernel_size=2, stride=2, padding=0)
            (1): Conv2d(64, 128, kernel_size=(1, 1), stride=(1, 1), bias=False)
          )
        )
      )
    )
    (down4): Sequential(
      (0): DownSample(
        (body): Sequential(
          (0): Down(
            (bot): Sequential(
              (0): AvgPool2d(kernel_size=2, stride=2, padding=0)
              (1): Conv2d(64, 128, kernel_size=(1, 1), stride=(1, 1), bias=False)
            )
          )
        )
      )
      (1): DownSample(
        (body): Sequential(
          (0): Down(
            (bot): Sequential(
              (0): AvgPool2d(kernel_size=2, stride=2, padding=0)
              (1): Conv2d(128, 256, kernel_size=(1, 1), stride=(1, 1), bias=False)
            )
          )
        )
      )
    )
    (up21): UpSample(
      (body): Sequential(
        (0): Up(
          (bot): Sequential(
            (0): Conv2d(128, 64, kernel_size=(1, 1), stride=(1, 1), bias=False)
            (1): Upsample(scale_factor=2.0, mode=bilinear)
          )
        )
      )
    )
    (up32): UpSample(
      (body): Sequential(
        (0): Up(
          (bot): Sequential(
            (0): Conv2d(256, 128, kernel_size=(1, 1), stride=(1, 1), bias=False)
            (1): Upsample(scale_factor=2.0, mode=bilinear)
          )
        )
      )
    )
    (conv_out): Conv2d(64, 64, kernel_size=(1, 1), stride=(1, 1), bias=False)
    (skff_top): SKFF(
      (avg_pool): AdaptiveAvgPool2d(output_size=1)
      (conv_du): Sequential(
        (0): Conv2d(64, 8, kernel_size=(1, 1), stride=(1, 1), bias=False)
        (1): LeakyReLU(negative_slope=0.2)
      )
      (fcs): ModuleList(
        (0): Conv2d(8, 64, kernel_size=(1, 1), stride=(1, 1), bias=False)
        (1): Conv2d(8, 64, kernel_size=(1, 1), stride=(1, 1), bias=False)
      )
      (softmax): Softmax(dim=1)
    )
    (skff_mid): SKFF(
      (avg_pool): AdaptiveAvgPool2d(output_size=1)
      (conv_du): Sequential(
        (0): Conv2d(128, 16, kernel_size=(1, 1), stride=(1, 1), bias=False)
        (1): LeakyReLU(negative_slope=0.2)
      )
      (fcs): ModuleList(
        (0): Conv2d(16, 128, kernel_size=(1, 1), stride=(1, 1), bias=False)
        (1): Conv2d(16, 128, kernel_size=(1, 1), stride=(1, 1), bias=False)
      )
      (softmax): Softmax(dim=1)
    )
  )
  (down): DownSample(
    (body): Sequential(
      (0): Down(
        (bot): Sequential(
          (0): AvgPool2d(kernel_size=2, stride=2, padding=0)
          (1): Conv2d(64, 64, kernel_size=(1, 1), stride=(1, 1), bias=False)
        )
      )
    )
  )
  (up): up_and_sum(
    (up): ConvTranspose2d(64, 64, kernel_size=(2, 2), stride=(2, 2))
  )
  (conv_out): Conv2d(64, 1, kernel_size=(3, 3), stride=(1, 1), padding=(1, 1), bias=False)
)
2024-11-07 01:18:06,523 INFO: Loading MIRNet_v2 model from /home/nvidia/heqing/code/MIRNetv2_1104/experiments/RealDenoising_MIRNet_v2_1106/models/net_g_4000.pth.
 load net keys <built-in method keys of collections.OrderedDict object at 0x7fc84d6f2e60>
2024-11-07 01:18:06,594 INFO: Model [ImageCleanModel] is created.
2024-11-07 01:18:06,678 INFO: Resuming training from epoch: 5, iter: 4000.
2024-11-07 01:18:16,078 INFO: Use cuda prefetch dataloader
2024-11-07 01:18:16,085 INFO: Start training from epoch: 5, iter: 4000
2024-11-07 01:18:25,459 INFO: 
 Updating Patch_Size to 256 and Batch_Size to 4 

2024-11-07 01:37:19,509 INFO: [RealD..][epoch:  6, iter:   5,000, lr:(2.007e-04,)] [eta: 3 days, 22:22:24, time (data): 1.126 (0.000)] l_pix: 1.1650e-02 
2024-11-07 01:56:14,083 INFO: [RealD..][epoch:  7, iter:   6,000, lr:(2.010e-04,)] [eta: 3 days, 21:21:19, time (data): 1.125 (0.000)] l_pix: 1.3122e-02 
2024-11-07 02:15:16,000 INFO: [RealD..][epoch:  9, iter:   7,000, lr:(2.014e-04,)] [eta: 3 days, 21:00:17, time (data): 1.123 (0.000)] l_pix: 1.0465e-02 
2024-11-07 02:34:09,605 INFO: [RealD..][epoch: 10, iter:   8,000, lr:(2.019e-04,)] [eta: 3 days, 20:30:09, time (data): 1.124 (0.000)] l_pix: 1.3527e-02 
2024-11-07 02:34:09,605 INFO: Saving models and training states.
2024-11-07 02:54:54,420 INFO: Validation ValSet,		 # psnr: 38.1522
2024-11-07 03:13:57,713 INFO: [RealD..][epoch: 12, iter:   9,000, lr:(2.023e-04,)] [eta: 4 days, 16:21:07, time (data): 1.125 (0.001)] l_pix: 1.1032e-02 
2024-11-07 03:32:51,823 INFO: [RealD..][epoch: 13, iter:  10,000, lr:(2.029e-04,)] [eta: 4 days, 12:31:55, time (data): 1.123 (0.000)] l_pix: 1.4421e-02 
2024-11-07 03:51:54,818 INFO: [RealD..][epoch: 15, iter:  11,000, lr:(2.035e-04,)] [eta: 4 days, 9:48:54, time (data): 1.125 (0.000)] l_pix: 1.0507e-02 
2024-11-07 04:10:48,161 INFO: [RealD..][epoch: 16, iter:  12,000, lr:(2.041e-04,)] [eta: 4 days, 7:36:05, time (data): 1.125 (0.000)] l_pix: 7.9619e-03 
2024-11-07 04:10:48,162 INFO: Saving models and training states.
2024-11-07 04:31:51,721 INFO: Validation ValSet,		 # psnr: 38.0697
2024-11-07 04:50:53,961 INFO: [RealD..][epoch: 18, iter:  13,000, lr:(2.048e-04,)] [eta: 4 days, 17:04:47, time (data): 1.123 (0.000)] l_pix: 9.9877e-03 
2024-11-07 05:09:46,566 INFO: [RealD..][epoch: 19, iter:  14,000, lr:(2.056e-04,)] [eta: 4 days, 14:24:55, time (data): 1.124 (0.000)] l_pix: 8.8482e-03 
2024-11-07 05:28:48,815 INFO: [RealD..][epoch: 21, iter:  15,000, lr:(2.064e-04,)] [eta: 4 days, 12:14:51, time (data): 1.123 (0.000)] l_pix: 1.1476e-02 
2024-11-07 05:47:41,481 INFO: [RealD..][epoch: 22, iter:  16,000, lr:(2.073e-04,)] [eta: 4 days, 10:19:30, time (data): 1.122 (0.000)] l_pix: 7.0767e-03 
2024-11-07 05:47:41,482 INFO: Saving models and training states.
2024-11-07 06:08:34,760 INFO: Validation ValSet,		 # psnr: 38.2062
2024-11-07 06:27:37,697 INFO: [RealD..][epoch: 24, iter:  17,000, lr:(2.082e-04,)] [eta: 4 days, 16:17:24, time (data): 1.125 (0.000)] l_pix: 8.7856e-03 
2024-11-07 06:46:31,391 INFO: [RealD..][epoch: 25, iter:  18,000, lr:(2.092e-04,)] [eta: 4 days, 14:14:39, time (data): 1.122 (0.000)] l_pix: 8.5212e-03 
2024-11-07 07:05:33,247 INFO: [RealD..][epoch: 27, iter:  19,000, lr:(2.102e-04,)] [eta: 4 days, 12:28:18, time (data): 1.122 (0.000)] l_pix: 9.8257e-03 
2024-11-07 07:24:26,738 INFO: [RealD..][epoch: 28, iter:  20,000, lr:(2.112e-04,)] [eta: 4 days, 10:50:25, time (data): 1.122 (0.000)] l_pix: 1.1133e-02 
2024-11-07 07:24:26,738 INFO: Saving models and training states.
2024-11-07 07:45:34,893 INFO: Validation ValSet,		 # psnr: 37.7645
2024-11-07 08:04:37,081 INFO: [RealD..][epoch: 30, iter:  21,000, lr:(2.123e-04,)] [eta: 4 days, 15:11:04, time (data): 1.122 (0.000)] l_pix: 1.2902e-02 
2024-11-07 08:23:30,110 INFO: [RealD..][epoch: 31, iter:  22,000, lr:(2.135e-04,)] [eta: 4 days, 13:29:31, time (data): 1.123 (0.000)] l_pix: 8.0457e-03 
2024-11-07 08:42:33,293 INFO: [RealD..][epoch: 33, iter:  23,000, lr:(2.146e-04,)] [eta: 4 days, 11:59:09, time (data): 1.126 (0.000)] l_pix: 9.0425e-03 
2024-11-07 09:01:26,993 INFO: [RealD..][epoch: 34, iter:  24,000, lr:(2.159e-04,)] [eta: 4 days, 10:33:43, time (data): 1.124 (0.000)] l_pix: 8.4365e-03 
2024-11-07 09:01:26,993 INFO: Saving models and training states.
2024-11-07 09:22:14,761 INFO: Validation ValSet,		 # psnr: 38.4755
2024-11-07 09:41:18,165 INFO: [RealD..][epoch: 36, iter:  25,000, lr:(2.171e-04,)] [eta: 4 days, 13:49:04, time (data): 1.124 (0.000)] l_pix: 6.8810e-03 
2024-11-07 10:00:11,523 INFO: [RealD..][epoch: 37, iter:  26,000, lr:(2.184e-04,)] [eta: 4 days, 12:21:57, time (data): 1.124 (0.000)] l_pix: 9.5195e-03 
2024-11-07 10:19:13,905 INFO: [RealD..][epoch: 39, iter:  27,000, lr:(2.198e-04,)] [eta: 4 days, 11:02:33, time (data): 1.122 (0.000)] l_pix: 1.0528e-02 
2024-11-07 10:38:06,574 INFO: [RealD..][epoch: 40, iter:  28,000, lr:(2.212e-04,)] [eta: 4 days, 9:46:21, time (data): 1.124 (0.000)] l_pix: 9.6268e-03 
2024-11-07 10:38:06,575 INFO: Saving models and training states.
2024-11-07 11:00:06,915 INFO: Validation ValSet,		 # psnr: 37.8087
2024-11-07 11:19:09,189 INFO: [RealD..][epoch: 42, iter:  29,000, lr:(2.226e-04,)] [eta: 4 days, 12:35:00, time (data): 1.121 (0.000)] l_pix: 6.3719e-03 
2024-11-07 11:38:00,564 INFO: [RealD..][epoch: 43, iter:  30,000, lr:(2.240e-04,)] [eta: 4 days, 11:17:07, time (data): 1.121 (0.000)] l_pix: 1.2550e-02 
2024-11-07 11:56:52,618 INFO: [RealD..][epoch: 44, iter:  31,000, lr:(2.255e-04,)] [eta: 4 days, 10:03:44, time (data): 1.448 (0.319)] l_pix: 1.0500e-02 
2024-11-07 12:15:53,984 INFO: [RealD..][epoch: 46, iter:  32,000, lr:(2.270e-04,)] [eta: 4 days, 8:55:43, time (data): 1.122 (0.000)] l_pix: 1.2909e-02 
2024-11-07 12:15:53,984 INFO: Saving models and training states.
2024-11-07 12:36:35,304 INFO: Validation ValSet,		 # psnr: 38.5377
2024-11-07 12:55:27,142 INFO: [RealD..][epoch: 47, iter:  33,000, lr:(2.285e-04,)] [eta: 4 days, 11:00:06, time (data): 1.125 (0.000)] l_pix: 1.1817e-02 
2024-11-07 13:14:28,285 INFO: [RealD..][epoch: 49, iter:  34,000, lr:(2.301e-04,)] [eta: 4 days, 9:51:29, time (data): 1.121 (0.000)] l_pix: 1.0222e-02 
2024-11-07 13:33:20,088 INFO: [RealD..][epoch: 50, iter:  35,000, lr:(2.317e-04,)] [eta: 4 days, 8:44:44, time (data): 1.123 (0.000)] l_pix: 7.9377e-03 
2024-11-07 13:52:21,631 INFO: [RealD..][epoch: 52, iter:  36,000, lr:(2.333e-04,)] [eta: 4 days, 7:42:20, time (data): 1.123 (0.000)] l_pix: 8.5114e-03 
2024-11-07 13:52:21,632 INFO: Saving models and training states.
2024-11-07 14:12:43,518 INFO: Validation ValSet,		 # psnr: 38.4209
2024-11-07 14:31:35,289 INFO: [RealD..][epoch: 53, iter:  37,000, lr:(2.349e-04,)] [eta: 4 days, 9:23:33, time (data): 1.123 (0.000)] l_pix: 7.4858e-03 
2024-11-07 14:50:37,060 INFO: [RealD..][epoch: 55, iter:  38,000, lr:(2.365e-04,)] [eta: 4 days, 8:20:52, time (data): 1.122 (0.000)] l_pix: 8.2606e-03 
2024-11-07 15:09:28,206 INFO: [RealD..][epoch: 56, iter:  39,000, lr:(2.382e-04,)] [eta: 4 days, 7:19:21, time (data): 1.121 (0.000)] l_pix: 8.9116e-03 
2024-11-07 15:28:29,555 INFO: [RealD..][epoch: 58, iter:  40,000, lr:(2.398e-04,)] [eta: 4 days, 6:21:26, time (data): 1.124 (0.000)] l_pix: 1.0470e-02 
2024-11-07 15:28:29,556 INFO: Saving models and training states.
2024-11-07 15:49:13,344 INFO: Validation ValSet,		 # psnr: 38.6692
2024-11-07 16:08:05,493 INFO: [RealD..][epoch: 59, iter:  41,000, lr:(2.415e-04,)] [eta: 4 days, 7:49:40, time (data): 1.125 (0.000)] l_pix: 9.4889e-03 
2024-11-07 16:27:07,657 INFO: [RealD..][epoch: 61, iter:  42,000, lr:(2.432e-04,)] [eta: 4 days, 6:51:33, time (data): 1.121 (0.000)] l_pix: 7.2380e-03 
2024-11-07 16:45:59,732 INFO: [RealD..][epoch: 62, iter:  43,000, lr:(2.449e-04,)] [eta: 4 days, 5:54:20, time (data): 1.122 (0.000)] l_pix: 1.5343e-02 
2024-11-07 17:05:02,108 INFO: [RealD..][epoch: 64, iter:  44,000, lr:(2.466e-04,)] [eta: 4 days, 5:00:08, time (data): 1.124 (0.000)] l_pix: 9.1018e-03 
2024-11-07 17:05:02,109 INFO: Saving models and training states.
2024-11-07 17:25:44,449 INFO: Validation ValSet,		 # psnr: 38.5954
2024-11-07 17:44:36,833 INFO: [RealD..][epoch: 65, iter:  45,000, lr:(2.483e-04,)] [eta: 4 days, 6:15:23, time (data): 1.123 (0.000)] l_pix: 1.2001e-02 
2024-11-07 18:03:38,515 INFO: [RealD..][epoch: 67, iter:  46,000, lr:(2.500e-04,)] [eta: 4 days, 5:20:53, time (data): 1.123 (0.000)] l_pix: 9.6361e-03 
2024-11-07 18:22:30,585 INFO: [RealD..][epoch: 68, iter:  47,000, lr:(2.517e-04,)] [eta: 4 days, 4:27:06, time (data): 1.120 (0.000)] l_pix: 7.1548e-03 
2024-11-07 18:41:31,677 INFO: [RealD..][epoch: 70, iter:  48,000, lr:(2.534e-04,)] [eta: 4 days, 3:35:46, time (data): 1.122 (0.000)] l_pix: 7.3216e-03 
2024-11-07 18:41:31,678 INFO: Saving models and training states.
2024-11-07 19:02:07,271 INFO: Validation ValSet,		 # psnr: 38.1576
2024-11-07 19:20:58,452 INFO: [RealD..][epoch: 71, iter:  49,000, lr:(2.551e-04,)] [eta: 4 days, 4:39:48, time (data): 1.120 (0.000)] l_pix: 7.4078e-03 
2024-11-07 19:39:58,692 INFO: [RealD..][epoch: 73, iter:  50,000, lr:(2.568e-04,)] [eta: 4 days, 3:48:15, time (data): 1.120 (0.000)] l_pix: 1.3068e-02 
2024-11-07 19:58:49,632 INFO: [RealD..][epoch: 74, iter:  51,000, lr:(2.585e-04,)] [eta: 4 days, 2:57:15, time (data): 1.124 (0.001)] l_pix: 9.1153e-03 
2024-11-07 20:17:50,553 INFO: [RealD..][epoch: 76, iter:  52,000, lr:(2.602e-04,)] [eta: 4 days, 2:08:27, time (data): 1.121 (0.000)] l_pix: 9.3456e-03 
2024-11-07 20:17:50,553 INFO: Saving models and training states.
2024-11-07 20:38:33,014 INFO: Validation ValSet,		 # psnr: 37.6991
2024-11-07 20:57:24,401 INFO: [RealD..][epoch: 77, iter:  53,000, lr:(2.618e-04,)] [eta: 4 days, 3:04:27, time (data): 1.122 (0.000)] l_pix: 1.0326e-02 
2024-11-07 21:16:25,261 INFO: [RealD..][epoch: 79, iter:  54,000, lr:(2.635e-04,)] [eta: 4 days, 2:15:32, time (data): 1.122 (0.000)] l_pix: 1.1738e-02 
2024-11-07 21:35:16,430 INFO: [RealD..][epoch: 80, iter:  55,000, lr:(2.651e-04,)] [eta: 4 days, 1:27:00, time (data): 1.121 (0.000)] l_pix: 1.0053e-02 
2024-11-07 21:54:18,079 INFO: [RealD..][epoch: 82, iter:  56,000, lr:(2.667e-04,)] [eta: 4 days, 0:40:26, time (data): 1.119 (0.000)] l_pix: 9.7975e-03 
2024-11-07 21:54:18,080 INFO: Saving models and training states.
2024-11-07 22:15:03,103 INFO: Validation ValSet,		 # psnr: 38.4699
2024-11-07 22:33:53,989 INFO: [RealD..][epoch: 83, iter:  57,000, lr:(2.683e-04,)] [eta: 4 days, 1:29:14, time (data): 1.120 (0.000)] l_pix: 7.5487e-03 
2024-11-07 22:52:45,332 INFO: [RealD..][epoch: 84, iter:  58,000, lr:(2.699e-04,)] [eta: 4 days, 0:41:47, time (data): 1.472 (0.348)] l_pix: 1.0734e-02 
2024-11-07 23:11:45,886 INFO: [RealD..][epoch: 86, iter:  59,000, lr:(2.715e-04,)] [eta: 3 days, 23:56:03, time (data): 1.123 (0.000)] l_pix: 8.6306e-03 
2024-11-07 23:30:37,122 INFO: [RealD..][epoch: 87, iter:  60,000, lr:(2.730e-04,)] [eta: 3 days, 23:10:37, time (data): 1.121 (0.000)] l_pix: 1.0256e-02 
2024-11-07 23:30:37,123 INFO: Saving models and training states.
2024-11-07 23:51:15,522 INFO: Validation ValSet,		 # psnr: 38.5468
2024-11-08 00:10:16,015 INFO: [RealD..][epoch: 89, iter:  61,000, lr:(2.745e-04,)] [eta: 3 days, 23:53:17, time (data): 1.122 (0.000)] l_pix: 1.0171e-02 
2024-11-08 00:29:06,669 INFO: [RealD..][epoch: 90, iter:  62,000, lr:(2.760e-04,)] [eta: 3 days, 23:07:46, time (data): 1.123 (0.000)] l_pix: 7.6997e-03 
2024-11-08 00:48:07,358 INFO: [RealD..][epoch: 92, iter:  63,000, lr:(2.774e-04,)] [eta: 3 days, 22:23:49, time (data): 1.121 (0.000)] l_pix: 1.0974e-02 
2024-11-08 01:06:57,866 INFO: [RealD..][epoch: 93, iter:  64,000, lr:(2.788e-04,)] [eta: 3 days, 21:40:02, time (data): 1.120 (0.000)] l_pix: 9.2501e-03 
2024-11-08 01:06:57,866 INFO: Saving models and training states.
2024-11-08 01:27:21,940 INFO: Validation ValSet,		 # psnr: 38.6675
2024-11-08 01:46:22,446 INFO: [RealD..][epoch: 95, iter:  65,000, lr:(2.802e-04,)] [eta: 3 days, 22:16:18, time (data): 1.121 (0.000)] l_pix: 6.9789e-03 
2024-11-08 02:05:13,209 INFO: [RealD..][epoch: 96, iter:  66,000, lr:(2.816e-04,)] [eta: 3 days, 21:32:31, time (data): 1.123 (0.000)] l_pix: 1.1670e-02 
2024-11-08 02:24:13,982 INFO: [RealD..][epoch: 98, iter:  67,000, lr:(2.829e-04,)] [eta: 3 days, 20:50:08, time (data): 1.122 (0.000)] l_pix: 9.4068e-03 
2024-11-08 02:43:04,737 INFO: [RealD..][epoch: 99, iter:  68,000, lr:(2.841e-04,)] [eta: 3 days, 20:07:53, time (data): 1.121 (0.000)] l_pix: 6.4622e-03 
2024-11-08 02:43:04,738 INFO: Saving models and training states.
2024-11-08 03:03:49,196 INFO: Validation ValSet,		 # psnr: 38.5973
2024-11-08 03:22:49,475 INFO: [RealD..][epoch:101, iter:  69,000, lr:(2.854e-04,)] [eta: 3 days, 20:40:38, time (data): 1.123 (0.000)] l_pix: 8.9892e-03 
2024-11-08 03:41:40,272 INFO: [RealD..][epoch:102, iter:  70,000, lr:(2.865e-04,)] [eta: 3 days, 19:58:21, time (data): 1.122 (0.000)] l_pix: 9.9257e-03 
2024-11-08 04:00:40,649 INFO: [RealD..][epoch:104, iter:  71,000, lr:(2.877e-04,)] [eta: 3 days, 19:17:19, time (data): 1.123 (0.000)] l_pix: 1.0245e-02 
2024-11-08 04:19:31,637 INFO: [RealD..][epoch:105, iter:  72,000, lr:(2.888e-04,)] [eta: 3 days, 18:36:24, time (data): 1.123 (0.000)] l_pix: 8.4215e-03 
2024-11-08 04:19:31,637 INFO: Saving models and training states.
2024-11-08 04:40:12,059 INFO: Validation ValSet,		 # psnr: 38.2074
2024-11-08 04:59:12,317 INFO: [RealD..][epoch:107, iter:  73,000, lr:(2.898e-04,)] [eta: 3 days, 19:04:39, time (data): 1.120 (0.000)] l_pix: 6.7270e-03 
2024-11-08 05:18:03,199 INFO: [RealD..][epoch:108, iter:  74,000, lr:(2.908e-04,)] [eta: 3 days, 18:23:42, time (data): 1.120 (0.000)] l_pix: 8.8946e-03 
2024-11-08 05:37:03,690 INFO: [RealD..][epoch:110, iter:  75,000, lr:(2.918e-04,)] [eta: 3 days, 17:43:53, time (data): 1.123 (0.000)] l_pix: 5.6018e-03 
2024-11-08 05:55:54,625 INFO: [RealD..][epoch:111, iter:  76,000, lr:(2.927e-04,)] [eta: 3 days, 17:04:09, time (data): 1.122 (0.000)] l_pix: 8.9024e-03 
2024-11-08 05:55:54,626 INFO: Saving models and training states.
2024-11-08 06:16:42,307 INFO: Validation ValSet,		 # psnr: 38.6798
2024-11-08 06:35:42,680 INFO: [RealD..][epoch:113, iter:  77,000, lr:(2.936e-04,)] [eta: 3 days, 17:29:00, time (data): 1.120 (0.000)] l_pix: 1.0002e-02 
2024-11-08 06:54:33,672 INFO: [RealD..][epoch:114, iter:  78,000, lr:(2.944e-04,)] [eta: 3 days, 16:49:15, time (data): 1.120 (0.000)] l_pix: 5.7750e-03 
2024-11-08 07:13:34,070 INFO: [RealD..][epoch:116, iter:  79,000, lr:(2.952e-04,)] [eta: 3 days, 16:10:31, time (data): 1.123 (0.000)] l_pix: 8.8402e-03 
2024-11-08 07:32:25,053 INFO: [RealD..][epoch:117, iter:  80,000, lr:(2.959e-04,)] [eta: 3 days, 15:31:50, time (data): 1.120 (0.000)] l_pix: 1.1179e-02 
2024-11-08 07:32:25,054 INFO: Saving models and training states.
2024-11-08 07:52:49,700 INFO: Validation ValSet,		 # psnr: 38.7135
2024-11-08 08:11:50,582 INFO: [RealD..][epoch:119, iter:  81,000, lr:(2.965e-04,)] [eta: 3 days, 15:52:12, time (data): 1.121 (0.000)] l_pix: 9.8148e-03 
2024-11-08 08:30:41,746 INFO: [RealD..][epoch:120, iter:  82,000, lr:(2.971e-04,)] [eta: 3 days, 15:13:32, time (data): 1.121 (0.000)] l_pix: 9.1197e-03 
2024-11-08 08:49:42,278 INFO: [RealD..][epoch:122, iter:  83,000, lr:(2.977e-04,)] [eta: 3 days, 14:35:48, time (data): 1.116 (0.000)] l_pix: 8.4859e-03 
2024-11-08 09:08:32,857 INFO: [RealD..][epoch:123, iter:  84,000, lr:(2.981e-04,)] [eta: 3 days, 13:58:05, time (data): 1.119 (0.000)] l_pix: 9.4570e-03 
2024-11-08 09:08:32,858 INFO: Saving models and training states.
2024-11-08 09:28:57,783 INFO: Validation ValSet,		 # psnr: 38.8263
2024-11-08 09:47:49,723 INFO: [RealD..][epoch:124, iter:  85,000, lr:(2.986e-04,)] [eta: 3 days, 14:15:05, time (data): 1.437 (0.310)] l_pix: 9.2736e-03 
2024-11-08 10:06:50,517 INFO: [RealD..][epoch:126, iter:  86,000, lr:(2.990e-04,)] [eta: 3 days, 13:37:49, time (data): 1.120 (0.000)] l_pix: 9.3858e-03 
2024-11-08 10:25:41,879 INFO: [RealD..][epoch:127, iter:  87,000, lr:(2.993e-04,)] [eta: 3 days, 13:00:35, time (data): 1.121 (0.000)] l_pix: 9.3266e-03 
2024-11-08 10:44:42,593 INFO: [RealD..][epoch:129, iter:  88,000, lr:(2.995e-04,)] [eta: 3 days, 12:24:11, time (data): 1.122 (0.000)] l_pix: 6.9927e-03 
2024-11-08 10:44:42,594 INFO: Saving models and training states.
2024-11-08 11:05:25,126 INFO: Validation ValSet,		 # psnr: 38.6141
2024-11-08 11:24:15,691 INFO: [RealD..][epoch:130, iter:  89,000, lr:(2.997e-04,)] [eta: 3 days, 12:39:10, time (data): 1.120 (0.000)] l_pix: 7.7272e-03 
2024-11-08 11:43:15,940 INFO: [RealD..][epoch:132, iter:  90,000, lr:(2.999e-04,)] [eta: 3 days, 12:02:44, time (data): 1.121 (0.000)] l_pix: 9.1403e-03 
2024-11-08 12:02:07,351 INFO: [RealD..][epoch:133, iter:  91,000, lr:(3.000e-04,)] [eta: 3 days, 11:26:20, time (data): 1.123 (0.000)] l_pix: 8.6558e-03 
2024-11-08 12:21:07,692 INFO: [RealD..][epoch:135, iter:  92,000, lr:(3.000e-04,)] [eta: 3 days, 10:50:41, time (data): 1.120 (0.000)] l_pix: 8.0464e-03 
2024-11-08 12:21:07,692 INFO: Saving models and training states.
2024-11-08 12:41:48,183 INFO: Validation ValSet,		 # psnr: 38.4128
2024-11-08 12:41:48,186 INFO: 
 Updating Patch_Size to 256 and Batch_Size to 4 

2024-11-08 13:00:39,346 INFO: [RealD..][epoch:136, iter:  93,000, lr:(2.000e-04,)] [eta: 3 days, 11:03:08, time (data): 1.120 (0.000)] l_pix: 1.2061e-02 
2024-11-08 13:19:39,726 INFO: [RealD..][epoch:138, iter:  94,000, lr:(2.000e-04,)] [eta: 3 days, 10:27:28, time (data): 1.121 (0.000)] l_pix: 7.9549e-03 
2024-11-08 13:38:31,264 INFO: [RealD..][epoch:139, iter:  95,000, lr:(1.999e-04,)] [eta: 3 days, 9:51:50, time (data): 1.122 (0.000)] l_pix: 8.6248e-03 
2024-11-08 13:57:31,428 INFO: [RealD..][epoch:141, iter:  96,000, lr:(1.998e-04,)] [eta: 3 days, 9:16:52, time (data): 1.121 (0.000)] l_pix: 8.3570e-03 
2024-11-08 13:57:31,429 INFO: Saving models and training states.
2024-11-08 14:18:09,492 INFO: Validation ValSet,		 # psnr: 38.9583
2024-11-08 14:37:00,693 INFO: [RealD..][epoch:142, iter:  97,000, lr:(1.997e-04,)] [eta: 3 days, 9:26:59, time (data): 1.121 (0.000)] l_pix: 7.4027e-03 
2024-11-08 14:56:01,475 INFO: [RealD..][epoch:144, iter:  98,000, lr:(1.996e-04,)] [eta: 3 days, 8:52:02, time (data): 1.122 (0.000)] l_pix: 1.1941e-02 
2024-11-08 15:14:53,153 INFO: [RealD..][epoch:145, iter:  99,000, lr:(1.994e-04,)] [eta: 3 days, 8:17:06, time (data): 1.120 (0.000)] l_pix: 7.1433e-03 
2024-11-08 15:33:53,742 INFO: [RealD..][epoch:147, iter: 100,000, lr:(1.993e-04,)] [eta: 3 days, 7:42:48, time (data): 1.122 (0.000)] l_pix: 4.9326e-03 
2024-11-08 15:33:53,743 INFO: Saving models and training states.
2024-11-08 15:54:37,911 INFO: Validation ValSet,		 # psnr: 38.9500
2024-11-08 16:13:29,119 INFO: [RealD..][epoch:148, iter: 101,000, lr:(1.991e-04,)] [eta: 3 days, 7:51:03, time (data): 1.123 (0.000)] l_pix: 1.1871e-02 
2024-11-08 16:32:30,033 INFO: [RealD..][epoch:150, iter: 102,000, lr:(1.989e-04,)] [eta: 3 days, 7:16:45, time (data): 1.121 (0.000)] l_pix: 9.0686e-03 
2024-11-08 16:51:21,326 INFO: [RealD..][epoch:151, iter: 103,000, lr:(1.986e-04,)] [eta: 3 days, 6:42:26, time (data): 1.123 (0.000)] l_pix: 6.6029e-03 
2024-11-08 17:10:22,482 INFO: [RealD..][epoch:153, iter: 104,000, lr:(1.984e-04,)] [eta: 3 days, 6:08:45, time (data): 1.124 (0.000)] l_pix: 8.1292e-03 
2024-11-08 17:10:22,483 INFO: Saving models and training states.
2024-11-08 17:31:00,912 INFO: Validation ValSet,		 # psnr: 39.0226
2024-11-08 17:49:52,452 INFO: [RealD..][epoch:154, iter: 105,000, lr:(1.981e-04,)] [eta: 3 days, 6:14:55, time (data): 1.122 (0.000)] l_pix: 8.5433e-03 
2024-11-08 18:08:52,952 INFO: [RealD..][epoch:156, iter: 106,000, lr:(1.978e-04,)] [eta: 3 days, 5:41:12, time (data): 1.120 (0.000)] l_pix: 8.0549e-03 
2024-11-08 18:27:44,184 INFO: [RealD..][epoch:157, iter: 107,000, lr:(1.975e-04,)] [eta: 3 days, 5:07:28, time (data): 1.127 (0.000)] l_pix: 8.0021e-03 
2024-11-08 18:46:45,429 INFO: [RealD..][epoch:159, iter: 108,000, lr:(1.971e-04,)] [eta: 3 days, 4:34:21, time (data): 1.120 (0.000)] l_pix: 7.4856e-03 
2024-11-08 18:46:45,430 INFO: Saving models and training states.
2024-11-08 19:07:23,531 INFO: Validation ValSet,		 # psnr: 39.0412
2024-11-08 19:26:14,850 INFO: [RealD..][epoch:160, iter: 109,000, lr:(1.967e-04,)] [eta: 3 days, 4:38:43, time (data): 1.122 (0.000)] l_pix: 7.0482e-03 
2024-11-08 19:45:15,177 INFO: [RealD..][epoch:162, iter: 110,000, lr:(1.963e-04,)] [eta: 3 days, 4:05:33, time (data): 1.116 (0.000)] l_pix: 1.0179e-02 
2024-11-08 20:04:06,505 INFO: [RealD..][epoch:163, iter: 111,000, lr:(1.959e-04,)] [eta: 3 days, 3:32:23, time (data): 1.125 (0.000)] l_pix: 8.2676e-03 
2024-11-08 20:22:58,087 INFO: [RealD..][epoch:164, iter: 112,000, lr:(1.955e-04,)] [eta: 3 days, 2:59:29, time (data): 1.401 (0.276)] l_pix: 5.5302e-03 
2024-11-08 20:22:58,088 INFO: Saving models and training states.
2024-11-08 20:43:23,993 INFO: Validation ValSet,		 # psnr: 39.0038
2024-11-08 21:02:24,887 INFO: [RealD..][epoch:166, iter: 113,000, lr:(1.950e-04,)] [eta: 3 days, 3:02:10, time (data): 1.122 (0.000)] l_pix: 7.2173e-03 
2024-11-08 21:21:15,685 INFO: [RealD..][epoch:167, iter: 114,000, lr:(1.946e-04,)] [eta: 3 days, 2:29:15, time (data): 1.121 (0.000)] l_pix: 1.3023e-02 
2024-11-08 21:40:16,610 INFO: [RealD..][epoch:169, iter: 115,000, lr:(1.941e-04,)] [eta: 3 days, 1:56:52, time (data): 1.123 (0.000)] l_pix: 9.2053e-03 
2024-11-08 21:59:08,091 INFO: [RealD..][epoch:170, iter: 116,000, lr:(1.935e-04,)] [eta: 3 days, 1:24:28, time (data): 1.121 (0.000)] l_pix: 8.5986e-03 
2024-11-08 21:59:08,092 INFO: Saving models and training states.
2024-11-08 22:19:44,553 INFO: Validation ValSet,		 # psnr: 39.0732
2024-11-08 22:38:45,593 INFO: [RealD..][epoch:172, iter: 117,000, lr:(1.930e-04,)] [eta: 3 days, 1:25:56, time (data): 1.122 (0.000)] l_pix: 8.7280e-03 
2024-11-08 22:57:36,218 INFO: [RealD..][epoch:173, iter: 118,000, lr:(1.924e-04,)] [eta: 3 days, 0:53:30, time (data): 1.121 (0.000)] l_pix: 9.1572e-03 
2024-11-08 23:16:37,028 INFO: [RealD..][epoch:175, iter: 119,000, lr:(1.918e-04,)] [eta: 3 days, 0:21:35, time (data): 1.122 (0.000)] l_pix: 8.0448e-03 
2024-11-08 23:35:28,607 INFO: [RealD..][epoch:176, iter: 120,000, lr:(1.912e-04,)] [eta: 2 days, 23:49:38, time (data): 1.122 (0.000)] l_pix: 1.1277e-02 
2024-11-08 23:35:28,608 INFO: Saving models and training states.
2024-11-08 23:56:11,361 INFO: Validation ValSet,		 # psnr: 39.0538
2024-11-09 00:15:12,633 INFO: [RealD..][epoch:178, iter: 121,000, lr:(1.906e-04,)] [eta: 2 days, 23:49:51, time (data): 1.125 (0.000)] l_pix: 9.1834e-03 
2024-11-09 00:34:04,299 INFO: [RealD..][epoch:179, iter: 122,000, lr:(1.900e-04,)] [eta: 2 days, 23:17:54, time (data): 1.120 (0.000)] l_pix: 7.5492e-03 
2024-11-09 00:53:05,478 INFO: [RealD..][epoch:181, iter: 123,000, lr:(1.893e-04,)] [eta: 2 days, 22:46:25, time (data): 1.122 (0.000)] l_pix: 1.0580e-02 
2024-11-09 01:11:57,688 INFO: [RealD..][epoch:182, iter: 124,000, lr:(1.886e-04,)] [eta: 2 days, 22:14:55, time (data): 1.123 (0.000)] l_pix: 8.0208e-03 
2024-11-09 01:11:57,689 INFO: Saving models and training states.
2024-11-09 01:32:24,028 INFO: Validation ValSet,		 # psnr: 39.0463
2024-11-09 01:51:25,175 INFO: [RealD..][epoch:184, iter: 125,000, lr:(1.879e-04,)] [eta: 2 days, 22:13:24, time (data): 1.123 (0.000)] l_pix: 9.1450e-03 
2024-11-09 02:10:16,642 INFO: [RealD..][epoch:185, iter: 126,000, lr:(1.872e-04,)] [eta: 2 days, 21:41:53, time (data): 1.120 (0.000)] l_pix: 7.5666e-03 
2024-11-09 02:29:17,711 INFO: [RealD..][epoch:187, iter: 127,000, lr:(1.864e-04,)] [eta: 2 days, 21:10:47, time (data): 1.123 (0.000)] l_pix: 5.8893e-03 
2024-11-09 02:48:09,532 INFO: [RealD..][epoch:188, iter: 128,000, lr:(1.857e-04,)] [eta: 2 days, 20:39:41, time (data): 1.122 (0.000)] l_pix: 6.0513e-03 
2024-11-09 02:48:09,533 INFO: Saving models and training states.
2024-11-09 03:08:35,225 INFO: Validation ValSet,		 # psnr: 39.0410
2024-11-09 03:27:36,812 INFO: [RealD..][epoch:190, iter: 129,000, lr:(1.849e-04,)] [eta: 2 days, 20:36:56, time (data): 1.124 (0.000)] l_pix: 1.0907e-02 
2024-11-09 03:46:28,280 INFO: [RealD..][epoch:191, iter: 130,000, lr:(1.841e-04,)] [eta: 2 days, 20:05:49, time (data): 1.121 (0.000)] l_pix: 1.4315e-02 
2024-11-09 04:05:29,019 INFO: [RealD..][epoch:193, iter: 131,000, lr:(1.832e-04,)] [eta: 2 days, 19:35:06, time (data): 1.123 (0.000)] l_pix: 6.1347e-03 
2024-11-09 04:24:21,056 INFO: [RealD..][epoch:194, iter: 132,000, lr:(1.824e-04,)] [eta: 2 days, 19:04:23, time (data): 1.124 (0.000)] l_pix: 7.0885e-03 
2024-11-09 04:24:21,057 INFO: Saving models and training states.
2024-11-09 04:44:47,057 INFO: Validation ValSet,		 # psnr: 39.0545
2024-11-09 05:03:47,865 INFO: [RealD..][epoch:196, iter: 133,000, lr:(1.815e-04,)] [eta: 2 days, 19:00:29, time (data): 1.123 (0.001)] l_pix: 1.0172e-02 
2024-11-09 05:22:39,563 INFO: [RealD..][epoch:197, iter: 134,000, lr:(1.806e-04,)] [eta: 2 days, 18:29:45, time (data): 1.123 (0.000)] l_pix: 8.5877e-03 
2024-11-09 05:41:40,123 INFO: [RealD..][epoch:199, iter: 135,000, lr:(1.797e-04,)] [eta: 2 days, 17:59:23, time (data): 1.116 (0.000)] l_pix: 1.0633e-02 
2024-11-09 06:00:31,033 INFO: [RealD..][epoch:200, iter: 136,000, lr:(1.788e-04,)] [eta: 2 days, 17:28:59, time (data): 1.121 (0.000)] l_pix: 6.2738e-03 
2024-11-09 06:00:31,033 INFO: Saving models and training states.
2024-11-09 06:20:54,244 INFO: Validation ValSet,		 # psnr: 39.1111
2024-11-09 06:39:54,658 INFO: [RealD..][epoch:202, iter: 137,000, lr:(1.779e-04,)] [eta: 2 days, 17:23:57, time (data): 1.117 (0.000)] l_pix: 8.8799e-03 
2024-11-09 06:58:45,706 INFO: [RealD..][epoch:203, iter: 138,000, lr:(1.769e-04,)] [eta: 2 days, 16:53:34, time (data): 1.121 (0.000)] l_pix: 8.4629e-03 
2024-11-09 07:17:37,226 INFO: [RealD..][epoch:204, iter: 139,000, lr:(1.760e-04,)] [eta: 2 days, 16:23:21, time (data): 1.421 (0.298)] l_pix: 9.8577e-03 
2024-11-09 07:36:38,076 INFO: [RealD..][epoch:206, iter: 140,000, lr:(1.750e-04,)] [eta: 2 days, 15:53:30, time (data): 1.124 (0.000)] l_pix: 9.0981e-03 
2024-11-09 07:36:38,077 INFO: Saving models and training states.
2024-11-09 07:57:12,543 INFO: Validation ValSet,		 # psnr: 39.0632
2024-11-09 08:16:03,522 INFO: [RealD..][epoch:207, iter: 141,000, lr:(1.740e-04,)] [eta: 2 days, 15:47:29, time (data): 1.122 (0.000)] l_pix: 8.5482e-03 
2024-11-09 08:35:04,750 INFO: [RealD..][epoch:209, iter: 142,000, lr:(1.730e-04,)] [eta: 2 days, 15:17:38, time (data): 1.123 (0.000)] l_pix: 1.1216e-02 
2024-11-09 08:53:56,281 INFO: [RealD..][epoch:210, iter: 143,000, lr:(1.719e-04,)] [eta: 2 days, 14:47:45, time (data): 1.121 (0.000)] l_pix: 9.0413e-03 
2024-11-09 09:12:56,833 INFO: [RealD..][epoch:212, iter: 144,000, lr:(1.709e-04,)] [eta: 2 days, 14:18:11, time (data): 1.120 (0.000)] l_pix: 9.9654e-03 
2024-11-09 09:12:56,834 INFO: Saving models and training states.
2024-11-09 09:33:29,841 INFO: Validation ValSet,		 # psnr: 38.9537
2024-11-09 09:52:21,082 INFO: [RealD..][epoch:213, iter: 145,000, lr:(1.698e-04,)] [eta: 2 days, 14:11:12, time (data): 1.121 (0.000)] l_pix: 9.9748e-03 
2024-11-09 10:11:21,535 INFO: [RealD..][epoch:215, iter: 146,000, lr:(1.687e-04,)] [eta: 2 days, 13:41:38, time (data): 1.120 (0.000)] l_pix: 6.9365e-03 
2024-11-09 10:30:12,540 INFO: [RealD..][epoch:216, iter: 147,000, lr:(1.676e-04,)] [eta: 2 days, 13:12:03, time (data): 1.122 (0.000)] l_pix: 8.0350e-03 
2024-11-09 10:49:13,218 INFO: [RealD..][epoch:218, iter: 148,000, lr:(1.665e-04,)] [eta: 2 days, 12:42:47, time (data): 1.123 (0.000)] l_pix: 7.8761e-03 
2024-11-09 10:49:13,219 INFO: Saving models and training states.
2024-11-09 11:09:50,897 INFO: Validation ValSet,		 # psnr: 38.9237
2024-11-09 11:28:42,256 INFO: [RealD..][epoch:219, iter: 149,000, lr:(1.653e-04,)] [eta: 2 days, 12:34:58, time (data): 1.124 (0.000)] l_pix: 7.4861e-03 
2024-11-09 11:47:43,573 INFO: [RealD..][epoch:221, iter: 150,000, lr:(1.642e-04,)] [eta: 2 days, 12:05:43, time (data): 1.121 (0.000)] l_pix: 1.1900e-02 
2024-11-09 12:06:34,924 INFO: [RealD..][epoch:222, iter: 151,000, lr:(1.630e-04,)] [eta: 2 days, 11:36:25, time (data): 1.121 (0.000)] l_pix: 1.0522e-02 
2024-11-09 12:25:36,172 INFO: [RealD..][epoch:224, iter: 152,000, lr:(1.619e-04,)] [eta: 2 days, 11:07:26, time (data): 1.123 (0.000)] l_pix: 1.0722e-02 
2024-11-09 12:25:36,173 INFO: Saving models and training states.
2024-11-09 12:46:24,183 INFO: Validation ValSet,		 # psnr: 39.0851
2024-11-09 13:05:15,411 INFO: [RealD..][epoch:225, iter: 153,000, lr:(1.607e-04,)] [eta: 2 days, 10:58:56, time (data): 1.122 (0.000)] l_pix: 9.6707e-03 
2024-11-09 13:24:16,896 INFO: [RealD..][epoch:227, iter: 154,000, lr:(1.595e-04,)] [eta: 2 days, 10:29:57, time (data): 1.123 (0.000)] l_pix: 7.8895e-03 
2024-11-09 13:43:08,911 INFO: [RealD..][epoch:228, iter: 155,000, lr:(1.583e-04,)] [eta: 2 days, 10:00:56, time (data): 1.122 (0.000)] l_pix: 7.6812e-03 
2024-11-09 14:02:09,305 INFO: [RealD..][epoch:230, iter: 156,000, lr:(1.570e-04,)] [eta: 2 days, 9:32:12, time (data): 1.120 (0.000)] l_pix: 8.0153e-03 
2024-11-09 14:02:09,305 INFO: Saving models and training states.
2024-11-09 14:22:39,227 INFO: Validation ValSet,		 # psnr: 39.1372
2024-11-09 14:22:39,230 INFO: 
 Updating Patch_Size to 256 and Batch_Size to 4 

2024-11-09 14:41:30,910 INFO: [RealD..][epoch:231, iter: 157,000, lr:(1.558e-04,)] [eta: 2 days, 9:22:36, time (data): 1.125 (0.000)] l_pix: 7.0898e-03 
2024-11-09 15:00:32,056 INFO: [RealD..][epoch:233, iter: 158,000, lr:(1.545e-04,)] [eta: 2 days, 8:53:52, time (data): 1.121 (0.000)] l_pix: 6.5225e-03 
2024-11-09 15:19:23,859 INFO: [RealD..][epoch:234, iter: 159,000, lr:(1.533e-04,)] [eta: 2 days, 8:25:07, time (data): 1.122 (0.000)] l_pix: 9.3360e-03 
2024-11-09 15:38:25,914 INFO: [RealD..][epoch:236, iter: 160,000, lr:(1.520e-04,)] [eta: 2 days, 7:56:39, time (data): 1.124 (0.000)] l_pix: 5.9525e-03 
2024-11-09 15:38:25,915 INFO: Saving models and training states.
2024-11-09 15:59:09,596 INFO: Validation ValSet,		 # psnr: 39.0808
2024-11-09 16:18:01,933 INFO: [RealD..][epoch:237, iter: 161,000, lr:(1.507e-04,)] [eta: 2 days, 7:46:30, time (data): 1.122 (0.000)] l_pix: 5.1400e-03 
2024-11-09 16:37:03,543 INFO: [RealD..][epoch:239, iter: 162,000, lr:(1.494e-04,)] [eta: 2 days, 7:18:01, time (data): 1.122 (0.000)] l_pix: 6.9068e-03 
2024-11-09 16:55:55,438 INFO: [RealD..][epoch:240, iter: 163,000, lr:(1.481e-04,)] [eta: 2 days, 6:49:31, time (data): 1.123 (0.000)] l_pix: 1.0883e-02 
2024-11-09 17:14:56,159 INFO: [RealD..][epoch:242, iter: 164,000, lr:(1.467e-04,)] [eta: 2 days, 6:21:15, time (data): 1.122 (0.000)] l_pix: 8.0390e-03 
2024-11-09 17:14:56,160 INFO: Saving models and training states.
2024-11-09 17:35:40,096 INFO: Validation ValSet,		 # psnr: 39.0648
2024-11-09 17:54:31,272 INFO: [RealD..][epoch:243, iter: 165,000, lr:(1.454e-04,)] [eta: 2 days, 6:10:21, time (data): 1.123 (0.000)] l_pix: 1.1411e-02 
2024-11-09 18:13:23,193 INFO: [RealD..][epoch:244, iter: 166,000, lr:(1.441e-04,)] [eta: 2 days, 5:41:58, time (data): 1.407 (0.279)] l_pix: 8.0203e-03 
2024-11-09 18:32:24,428 INFO: [RealD..][epoch:246, iter: 167,000, lr:(1.427e-04,)] [eta: 2 days, 5:13:49, time (data): 1.121 (0.000)] l_pix: 7.2645e-03 
2024-11-09 18:51:15,906 INFO: [RealD..][epoch:247, iter: 168,000, lr:(1.413e-04,)] [eta: 2 days, 4:45:39, time (data): 1.121 (0.000)] l_pix: 7.5122e-03 
2024-11-09 18:51:15,906 INFO: Saving models and training states.
2024-11-09 19:11:58,950 INFO: Validation ValSet,		 # psnr: 39.1312
2024-11-09 19:30:59,934 INFO: [RealD..][epoch:249, iter: 169,000, lr:(1.400e-04,)] [eta: 2 days, 4:34:11, time (data): 1.121 (0.000)] l_pix: 9.5120e-03 
2024-11-09 19:49:51,159 INFO: [RealD..][epoch:250, iter: 170,000, lr:(1.386e-04,)] [eta: 2 days, 4:06:01, time (data): 1.123 (0.000)] l_pix: 9.5661e-03 
2024-11-09 20:08:53,043 INFO: [RealD..][epoch:252, iter: 171,000, lr:(1.372e-04,)] [eta: 2 days, 3:38:05, time (data): 1.123 (0.000)] l_pix: 6.4408e-03 
2024-11-09 20:27:44,942 INFO: [RealD..][epoch:253, iter: 172,000, lr:(1.358e-04,)] [eta: 2 days, 3:10:09, time (data): 1.120 (0.000)] l_pix: 1.0764e-02 
2024-11-09 20:27:44,942 INFO: Saving models and training states.
2024-11-09 20:48:27,553 INFO: Validation ValSet,		 # psnr: 39.1562
2024-11-09 21:07:28,930 INFO: [RealD..][epoch:255, iter: 173,000, lr:(1.344e-04,)] [eta: 2 days, 2:58:00, time (data): 1.122 (0.000)] l_pix: 1.0787e-02 
2024-11-09 21:26:20,340 INFO: [RealD..][epoch:256, iter: 174,000, lr:(1.330e-04,)] [eta: 2 days, 2:30:03, time (data): 1.121 (0.000)] l_pix: 7.0953e-03 
2024-11-09 21:45:21,374 INFO: [RealD..][epoch:258, iter: 175,000, lr:(1.315e-04,)] [eta: 2 days, 2:02:19, time (data): 1.123 (0.000)] l_pix: 9.4721e-03 
2024-11-09 22:04:13,321 INFO: [RealD..][epoch:259, iter: 176,000, lr:(1.301e-04,)] [eta: 2 days, 1:34:35, time (data): 1.123 (0.000)] l_pix: 9.9294e-03 
2024-11-09 22:04:13,322 INFO: Saving models and training states.
2024-11-09 22:24:54,367 INFO: Validation ValSet,		 # psnr: 39.1876
2024-11-09 22:43:55,452 INFO: [RealD..][epoch:261, iter: 177,000, lr:(1.287e-04,)] [eta: 2 days, 1:21:46, time (data): 1.124 (0.000)] l_pix: 6.4795e-03 
2024-11-09 23:02:47,379 INFO: [RealD..][epoch:262, iter: 178,000, lr:(1.272e-04,)] [eta: 2 days, 0:54:02, time (data): 1.122 (0.000)] l_pix: 1.0144e-02 
2024-11-09 23:21:48,114 INFO: [RealD..][epoch:264, iter: 179,000, lr:(1.258e-04,)] [eta: 2 days, 0:26:30, time (data): 1.122 (0.000)] l_pix: 6.8491e-03 
2024-11-09 23:40:40,270 INFO: [RealD..][epoch:265, iter: 180,000, lr:(1.243e-04,)] [eta: 1 day, 23:58:58, time (data): 1.124 (0.000)] l_pix: 1.0205e-02 
2024-11-09 23:40:40,271 INFO: Saving models and training states.
2024-11-10 00:01:09,271 INFO: Validation ValSet,		 # psnr: 39.1936
2024-11-10 00:20:11,281 INFO: [RealD..][epoch:267, iter: 181,000, lr:(1.229e-04,)] [eta: 1 day, 23:45:25, time (data): 1.128 (0.000)] l_pix: 7.4213e-03 
2024-11-10 00:39:04,177 INFO: [RealD..][epoch:268, iter: 182,000, lr:(1.214e-04,)] [eta: 1 day, 23:17:53, time (data): 1.123 (0.000)] l_pix: 9.5569e-03 
2024-11-10 00:58:05,317 INFO: [RealD..][epoch:270, iter: 183,000, lr:(1.199e-04,)] [eta: 1 day, 22:50:33, time (data): 1.121 (0.000)] l_pix: 7.1501e-03 
2024-11-10 01:16:56,754 INFO: [RealD..][epoch:271, iter: 184,000, lr:(1.184e-04,)] [eta: 1 day, 22:23:12, time (data): 1.123 (0.000)] l_pix: 8.4361e-03 
2024-11-10 01:16:56,755 INFO: Saving models and training states.
2024-11-10 01:37:37,083 INFO: Validation ValSet,		 # psnr: 39.1041
2024-11-10 01:56:37,837 INFO: [RealD..][epoch:273, iter: 185,000, lr:(1.170e-04,)] [eta: 1 day, 22:09:11, time (data): 1.121 (0.000)] l_pix: 7.3870e-03 
2024-11-10 02:15:29,140 INFO: [RealD..][epoch:274, iter: 186,000, lr:(1.155e-04,)] [eta: 1 day, 21:41:49, time (data): 1.122 (0.000)] l_pix: 8.3589e-03 
2024-11-10 02:34:30,142 INFO: [RealD..][epoch:276, iter: 187,000, lr:(1.140e-04,)] [eta: 1 day, 21:14:40, time (data): 1.122 (0.000)] l_pix: 6.0877e-03 
2024-11-10 02:53:21,664 INFO: [RealD..][epoch:277, iter: 188,000, lr:(1.125e-04,)] [eta: 1 day, 20:47:30, time (data): 1.123 (0.000)] l_pix: 7.0317e-03 
2024-11-10 02:53:21,665 INFO: Saving models and training states.
2024-11-10 03:14:04,207 INFO: Validation ValSet,		 # psnr: 39.1774
2024-11-10 03:33:05,443 INFO: [RealD..][epoch:279, iter: 189,000, lr:(1.110e-04,)] [eta: 1 day, 20:32:56, time (data): 1.123 (0.000)] l_pix: 9.2658e-03 
2024-11-10 03:51:57,552 INFO: [RealD..][epoch:280, iter: 190,000, lr:(1.095e-04,)] [eta: 1 day, 20:05:47, time (data): 1.123 (0.000)] l_pix: 1.1238e-02 
2024-11-10 04:10:59,035 INFO: [RealD..][epoch:282, iter: 191,000, lr:(1.080e-04,)] [eta: 1 day, 19:38:48, time (data): 1.116 (0.000)] l_pix: 9.0452e-03 
2024-11-10 04:29:50,526 INFO: [RealD..][epoch:283, iter: 192,000, lr:(1.065e-04,)] [eta: 1 day, 19:11:48, time (data): 1.123 (0.000)] l_pix: 9.3520e-03 
2024-11-10 04:29:50,527 INFO: Saving models and training states.
2024-11-10 04:50:19,834 INFO: Validation ValSet,		 # psnr: 39.1914
2024-11-10 05:09:12,228 INFO: [RealD..][epoch:284, iter: 193,000, lr:(1.050e-04,)] [eta: 1 day, 18:56:30, time (data): 1.422 (0.297)] l_pix: 5.2904e-03 
2024-11-10 05:28:13,347 INFO: [RealD..][epoch:286, iter: 194,000, lr:(1.035e-04,)] [eta: 1 day, 18:29:36, time (data): 1.122 (0.000)] l_pix: 5.5711e-03 
2024-11-10 05:47:05,917 INFO: [RealD..][epoch:287, iter: 195,000, lr:(1.020e-04,)] [eta: 1 day, 18:02:42, time (data): 1.124 (0.000)] l_pix: 9.3065e-03 
2024-11-10 06:06:06,957 INFO: [RealD..][epoch:289, iter: 196,000, lr:(1.005e-04,)] [eta: 1 day, 17:35:57, time (data): 1.120 (0.000)] l_pix: 8.3031e-03 
2024-11-10 06:06:06,958 INFO: Saving models and training states.
2024-11-10 06:26:37,720 INFO: Validation ValSet,		 # psnr: 38.8534
2024-11-10 06:45:29,856 INFO: [RealD..][epoch:290, iter: 197,000, lr:(9.900e-05,)] [eta: 1 day, 17:20:10, time (data): 1.123 (0.000)] l_pix: 1.0660e-02 
2024-11-10 07:04:31,181 INFO: [RealD..][epoch:292, iter: 198,000, lr:(9.750e-05,)] [eta: 1 day, 16:53:26, time (data): 1.121 (0.000)] l_pix: 8.7218e-03 
2024-11-10 07:23:22,495 INFO: [RealD..][epoch:293, iter: 199,000, lr:(9.599e-05,)] [eta: 1 day, 16:26:41, time (data): 1.122 (0.000)] l_pix: 8.2449e-03 
2024-11-10 07:42:24,119 INFO: [RealD..][epoch:295, iter: 200,000, lr:(9.449e-05,)] [eta: 1 day, 16:00:06, time (data): 1.124 (0.000)] l_pix: 1.1406e-02 
2024-11-10 07:42:24,120 INFO: Saving models and training states.
2024-11-10 08:02:46,117 INFO: Validation ValSet,		 # psnr: 39.2253
2024-11-10 08:21:38,084 INFO: [RealD..][epoch:296, iter: 201,000, lr:(9.299e-05,)] [eta: 1 day, 15:43:45, time (data): 1.124 (0.000)] l_pix: 8.7886e-03 
2024-11-10 08:40:40,333 INFO: [RealD..][epoch:298, iter: 202,000, lr:(9.150e-05,)] [eta: 1 day, 15:17:11, time (data): 1.126 (0.000)] l_pix: 5.6424e-03 
2024-11-10 08:59:33,023 INFO: [RealD..][epoch:299, iter: 203,000, lr:(9.000e-05,)] [eta: 1 day, 14:50:36, time (data): 1.123 (0.000)] l_pix: 1.1707e-02 
2024-11-10 09:18:33,805 INFO: [RealD..][epoch:301, iter: 204,000, lr:(8.851e-05,)] [eta: 1 day, 14:24:10, time (data): 1.121 (0.000)] l_pix: 1.0664e-02 
2024-11-10 09:18:33,806 INFO: Saving models and training states.
2024-11-10 09:39:12,209 INFO: Validation ValSet,		 # psnr: 39.2303
2024-11-10 09:39:12,211 INFO: 
 Updating Patch_Size to 256 and Batch_Size to 4 

2024-11-10 09:58:03,924 INFO: [RealD..][epoch:302, iter: 205,000, lr:(8.702e-05,)] [eta: 1 day, 14:07:30, time (data): 1.121 (0.000)] l_pix: 6.8137e-03 
2024-11-10 10:17:05,299 INFO: [RealD..][epoch:304, iter: 206,000, lr:(8.553e-05,)] [eta: 1 day, 13:41:04, time (data): 1.125 (0.000)] l_pix: 8.8174e-03 
2024-11-10 10:35:56,986 INFO: [RealD..][epoch:305, iter: 207,000, lr:(8.405e-05,)] [eta: 1 day, 13:14:38, time (data): 1.122 (0.000)] l_pix: 6.3250e-03 
2024-11-10 10:54:57,861 INFO: [RealD..][epoch:307, iter: 208,000, lr:(8.257e-05,)] [eta: 1 day, 12:48:20, time (data): 1.120 (0.000)] l_pix: 8.9269e-03 
2024-11-10 10:54:57,862 INFO: Saving models and training states.
2024-11-10 11:15:19,798 INFO: Validation ValSet,		 # psnr: 39.2281
2024-11-10 11:34:11,181 INFO: [RealD..][epoch:308, iter: 209,000, lr:(8.109e-05,)] [eta: 1 day, 12:31:06, time (data): 1.123 (0.000)] l_pix: 8.0624e-03 
2024-11-10 11:53:11,837 INFO: [RealD..][epoch:310, iter: 210,000, lr:(7.962e-05,)] [eta: 1 day, 12:04:48, time (data): 1.121 (0.000)] l_pix: 7.6967e-03 
2024-11-10 12:12:03,201 INFO: [RealD..][epoch:311, iter: 211,000, lr:(7.815e-05,)] [eta: 1 day, 11:38:31, time (data): 1.121 (0.000)] l_pix: 9.5954e-03 
2024-11-10 12:31:04,403 INFO: [RealD..][epoch:313, iter: 212,000, lr:(7.669e-05,)] [eta: 1 day, 11:12:22, time (data): 1.123 (0.000)] l_pix: 9.1785e-03 
2024-11-10 12:31:04,403 INFO: Saving models and training states.
2024-11-10 12:51:31,307 INFO: Validation ValSet,		 # psnr: 39.2761
2024-11-10 13:10:23,225 INFO: [RealD..][epoch:314, iter: 213,000, lr:(7.523e-05,)] [eta: 1 day, 10:54:44, time (data): 1.121 (0.000)] l_pix: 8.4707e-03 
2024-11-10 13:29:24,649 INFO: [RealD..][epoch:316, iter: 214,000, lr:(7.378e-05,)] [eta: 1 day, 10:28:35, time (data): 1.122 (0.000)] l_pix: 6.5876e-03 
2024-11-10 13:48:16,796 INFO: [RealD..][epoch:317, iter: 215,000, lr:(7.234e-05,)] [eta: 1 day, 10:02:27, time (data): 1.122 (0.000)] l_pix: 5.3669e-03 
2024-11-10 14:07:18,790 INFO: [RealD..][epoch:319, iter: 216,000, lr:(7.090e-05,)] [eta: 1 day, 9:36:26, time (data): 1.122 (0.000)] l_pix: 7.3308e-03 
2024-11-10 14:07:18,791 INFO: Saving models and training states.
2024-11-10 14:27:49,580 INFO: Validation ValSet,		 # psnr: 39.2643
2024-11-10 14:46:40,964 INFO: [RealD..][epoch:320, iter: 217,000, lr:(6.947e-05,)] [eta: 1 day, 9:18:25, time (data): 1.124 (0.000)] l_pix: 7.6716e-03 
2024-11-10 15:05:42,347 INFO: [RealD..][epoch:322, iter: 218,000, lr:(6.804e-05,)] [eta: 1 day, 8:52:24, time (data): 1.123 (0.000)] l_pix: 7.8597e-03 
2024-11-10 15:24:35,247 INFO: [RealD..][epoch:323, iter: 219,000, lr:(6.663e-05,)] [eta: 1 day, 8:26:24, time (data): 1.125 (0.000)] l_pix: 8.0617e-03 
2024-11-10 15:43:28,014 INFO: [RealD..][epoch:324, iter: 220,000, lr:(6.522e-05,)] [eta: 1 day, 8:00:28, time (data): 1.406 (0.283)] l_pix: 8.7134e-03 
2024-11-10 15:43:28,015 INFO: Saving models and training states.
2024-11-10 16:04:09,367 INFO: Validation ValSet,		 # psnr: 39.2933
2024-11-10 16:23:11,330 INFO: [RealD..][epoch:326, iter: 221,000, lr:(6.382e-05,)] [eta: 1 day, 7:42:11, time (data): 1.122 (0.000)] l_pix: 6.3340e-03 
2024-11-10 16:42:03,103 INFO: [RealD..][epoch:327, iter: 222,000, lr:(6.242e-05,)] [eta: 1 day, 7:16:14, time (data): 1.122 (0.000)] l_pix: 6.9680e-03 
2024-11-10 17:01:04,551 INFO: [RealD..][epoch:329, iter: 223,000, lr:(6.104e-05,)] [eta: 1 day, 6:50:24, time (data): 1.122 (0.000)] l_pix: 8.7631e-03 
2024-11-10 17:19:55,906 INFO: [RealD..][epoch:330, iter: 224,000, lr:(5.967e-05,)] [eta: 1 day, 6:24:35, time (data): 1.123 (0.000)] l_pix: 9.0716e-03 
2024-11-10 17:19:55,907 INFO: Saving models and training states.
2024-11-10 17:40:26,129 INFO: Validation ValSet,		 # psnr: 39.2435
2024-11-10 17:59:27,174 INFO: [RealD..][epoch:332, iter: 225,000, lr:(5.830e-05,)] [eta: 1 day, 6:05:51, time (data): 1.122 (0.001)] l_pix: 8.8177e-03 
2024-11-10 18:18:18,540 INFO: [RealD..][epoch:333, iter: 226,000, lr:(5.694e-05,)] [eta: 1 day, 5:40:02, time (data): 1.120 (0.000)] l_pix: 8.5113e-03 
2024-11-10 18:37:18,849 INFO: [RealD..][epoch:335, iter: 227,000, lr:(5.560e-05,)] [eta: 1 day, 5:14:19, time (data): 1.122 (0.000)] l_pix: 6.8778e-03 
2024-11-10 18:56:10,521 INFO: [RealD..][epoch:336, iter: 228,000, lr:(5.426e-05,)] [eta: 1 day, 4:48:37, time (data): 1.123 (0.000)] l_pix: 9.2020e-03 
2024-11-10 18:56:10,521 INFO: Saving models and training states.
2024-11-10 19:16:54,103 INFO: Validation ValSet,		 # psnr: 39.3285
2024-11-10 19:35:54,622 INFO: [RealD..][epoch:338, iter: 229,000, lr:(5.294e-05,)] [eta: 1 day, 4:29:35, time (data): 1.121 (0.000)] l_pix: 1.3978e-02 
2024-11-10 19:54:46,347 INFO: [RealD..][epoch:339, iter: 230,000, lr:(5.162e-05,)] [eta: 1 day, 4:03:53, time (data): 1.123 (0.000)] l_pix: 6.4788e-03 
2024-11-10 20:13:47,835 INFO: [RealD..][epoch:341, iter: 231,000, lr:(5.032e-05,)] [eta: 1 day, 3:38:18, time (data): 1.122 (0.000)] l_pix: 8.3285e-03 
2024-11-10 20:32:39,507 INFO: [RealD..][epoch:342, iter: 232,000, lr:(4.903e-05,)] [eta: 1 day, 3:12:43, time (data): 1.121 (0.000)] l_pix: 1.6040e-02 
2024-11-10 20:32:39,508 INFO: Saving models and training states.
2024-11-10 20:53:20,122 INFO: Validation ValSet,		 # psnr: 39.3310
2024-11-10 21:12:21,216 INFO: [RealD..][epoch:344, iter: 233,000, lr:(4.775e-05,)] [eta: 1 day, 2:53:18, time (data): 1.123 (0.000)] l_pix: 8.1945e-03 
2024-11-10 21:31:12,871 INFO: [RealD..][epoch:345, iter: 234,000, lr:(4.648e-05,)] [eta: 1 day, 2:27:43, time (data): 1.123 (0.000)] l_pix: 6.1532e-03 
2024-11-10 21:50:13,593 INFO: [RealD..][epoch:347, iter: 235,000, lr:(4.522e-05,)] [eta: 1 day, 2:02:15, time (data): 1.121 (0.000)] l_pix: 7.9458e-03 
2024-11-10 22:09:04,962 INFO: [RealD..][epoch:348, iter: 236,000, lr:(4.398e-05,)] [eta: 1 day, 1:36:47, time (data): 1.121 (0.000)] l_pix: 1.1960e-02 
2024-11-10 22:09:04,963 INFO: Saving models and training states.
2024-11-10 22:29:32,484 INFO: Validation ValSet,		 # psnr: 39.3565
2024-11-10 22:48:33,526 INFO: [RealD..][epoch:350, iter: 237,000, lr:(4.275e-05,)] [eta: 1 day, 1:16:57, time (data): 1.120 (0.000)] l_pix: 9.9331e-03 
2024-11-10 23:07:24,611 INFO: [RealD..][epoch:351, iter: 238,000, lr:(4.153e-05,)] [eta: 1 day, 0:51:29, time (data): 1.126 (0.000)] l_pix: 7.8240e-03 
2024-11-10 23:26:25,818 INFO: [RealD..][epoch:353, iter: 239,000, lr:(4.033e-05,)] [eta: 1 day, 0:26:07, time (data): 1.122 (0.000)] l_pix: 1.1658e-02 
2024-11-10 23:45:17,280 INFO: [RealD..][epoch:354, iter: 240,000, lr:(3.914e-05,)] [eta: 1 day, 0:00:46, time (data): 1.124 (0.000)] l_pix: 9.6795e-03 
2024-11-10 23:45:17,281 INFO: Saving models and training states.
2024-11-11 00:05:44,556 INFO: Validation ValSet,		 # psnr: 39.2679
2024-11-11 00:05:44,558 INFO: 
 Updating Patch_Size to 256 and Batch_Size to 4 

2024-11-11 00:24:45,893 INFO: [RealD..][epoch:356, iter: 241,000, lr:(3.796e-05,)] [eta: 23:40:36, time (data): 1.123 (0.001)] l_pix: 6.9718e-03 
2024-11-11 00:43:38,051 INFO: [RealD..][epoch:357, iter: 242,000, lr:(3.680e-05,)] [eta: 23:15:15, time (data): 1.121 (0.000)] l_pix: 1.0670e-02 
2024-11-11 01:02:39,648 INFO: [RealD..][epoch:359, iter: 243,000, lr:(3.565e-05,)] [eta: 22:50:00, time (data): 1.119 (0.000)] l_pix: 7.0514e-03 
2024-11-11 01:21:31,595 INFO: [RealD..][epoch:360, iter: 244,000, lr:(3.452e-05,)] [eta: 22:24:46, time (data): 1.123 (0.000)] l_pix: 9.8094e-03 
2024-11-11 01:21:31,595 INFO: Saving models and training states.
2024-11-11 01:42:22,805 INFO: Validation ValSet,		 # psnr: 39.3568
2024-11-11 02:01:24,513 INFO: [RealD..][epoch:362, iter: 245,000, lr:(3.340e-05,)] [eta: 22:04:22, time (data): 1.121 (0.000)] l_pix: 8.5859e-03 
2024-11-11 02:20:16,042 INFO: [RealD..][epoch:363, iter: 246,000, lr:(3.230e-05,)] [eta: 21:39:07, time (data): 1.122 (0.000)] l_pix: 7.1587e-03 
2024-11-11 02:39:08,048 INFO: [RealD..][epoch:364, iter: 247,000, lr:(3.121e-05,)] [eta: 21:13:56, time (data): 1.391 (0.266)] l_pix: 8.1226e-03 
2024-11-11 02:58:08,362 INFO: [RealD..][epoch:366, iter: 248,000, lr:(3.014e-05,)] [eta: 20:48:49, time (data): 1.121 (0.000)] l_pix: 1.0762e-02 
2024-11-11 02:58:08,363 INFO: Saving models and training states.
2024-11-11 03:18:34,967 INFO: Validation ValSet,		 # psnr: 39.3755
2024-11-11 03:37:26,407 INFO: [RealD..][epoch:367, iter: 249,000, lr:(2.909e-05,)] [eta: 20:27:59, time (data): 1.123 (0.000)] l_pix: 6.2323e-03 
2024-11-11 03:56:27,415 INFO: [RealD..][epoch:369, iter: 250,000, lr:(2.805e-05,)] [eta: 20:02:53, time (data): 1.123 (0.000)] l_pix: 1.0152e-02 
2024-11-11 04:15:18,866 INFO: [RealD..][epoch:370, iter: 251,000, lr:(2.703e-05,)] [eta: 19:37:47, time (data): 1.123 (0.000)] l_pix: 6.0908e-03 
2024-11-11 04:34:19,657 INFO: [RealD..][epoch:372, iter: 252,000, lr:(2.602e-05,)] [eta: 19:12:47, time (data): 1.122 (0.000)] l_pix: 8.6465e-03 
2024-11-11 04:34:19,658 INFO: Saving models and training states.
2024-11-11 04:54:44,809 INFO: Validation ValSet,		 # psnr: 39.3902
2024-11-11 05:13:36,233 INFO: [RealD..][epoch:373, iter: 253,000, lr:(2.504e-05,)] [eta: 18:51:39, time (data): 1.122 (0.000)] l_pix: 7.6585e-03 
2024-11-11 05:32:37,114 INFO: [RealD..][epoch:375, iter: 254,000, lr:(2.407e-05,)] [eta: 18:26:38, time (data): 1.121 (0.000)] l_pix: 9.8664e-03 
2024-11-11 05:51:29,171 INFO: [RealD..][epoch:376, iter: 255,000, lr:(2.311e-05,)] [eta: 18:01:39, time (data): 1.123 (0.000)] l_pix: 5.3979e-03 
2024-11-11 06:10:30,554 INFO: [RealD..][epoch:378, iter: 256,000, lr:(2.218e-05,)] [eta: 17:36:44, time (data): 1.123 (0.000)] l_pix: 7.8170e-03 
2024-11-11 06:10:30,555 INFO: Saving models and training states.
2024-11-11 06:31:01,750 INFO: Validation ValSet,		 # psnr: 39.4068
2024-11-11 06:49:53,763 INFO: [RealD..][epoch:379, iter: 257,000, lr:(2.126e-05,)] [eta: 17:15:20, time (data): 1.123 (0.000)] l_pix: 8.7171e-03 
2024-11-11 07:08:54,324 INFO: [RealD..][epoch:381, iter: 258,000, lr:(2.036e-05,)] [eta: 16:50:25, time (data): 1.121 (0.000)] l_pix: 7.8979e-03 
2024-11-11 07:27:45,412 INFO: [RealD..][epoch:382, iter: 259,000, lr:(1.948e-05,)] [eta: 16:25:31, time (data): 1.120 (0.000)] l_pix: 1.0369e-02 
2024-11-11 07:46:45,902 INFO: [RealD..][epoch:384, iter: 260,000, lr:(1.861e-05,)] [eta: 16:00:41, time (data): 1.122 (0.000)] l_pix: 1.0617e-02 
2024-11-11 07:46:45,903 INFO: Saving models and training states.
2024-11-11 08:07:27,314 INFO: Validation ValSet,		 # psnr: 39.4075
2024-11-11 08:26:18,763 INFO: [RealD..][epoch:385, iter: 261,000, lr:(1.777e-05,)] [eta: 15:39:02, time (data): 1.122 (0.000)] l_pix: 8.9383e-03 
2024-11-11 08:45:19,566 INFO: [RealD..][epoch:387, iter: 262,000, lr:(1.694e-05,)] [eta: 15:14:12, time (data): 1.123 (0.000)] l_pix: 1.0141e-02 
2024-11-11 09:04:11,063 INFO: [RealD..][epoch:388, iter: 263,000, lr:(1.614e-05,)] [eta: 14:49:24, time (data): 1.122 (0.000)] l_pix: 1.1971e-02 
2024-11-11 09:23:12,180 INFO: [RealD..][epoch:390, iter: 264,000, lr:(1.535e-05,)] [eta: 14:24:40, time (data): 1.120 (0.000)] l_pix: 7.5532e-03 
2024-11-11 09:23:12,181 INFO: Saving models and training states.
2024-11-11 09:43:50,415 INFO: Validation ValSet,		 # psnr: 39.4327
2024-11-11 10:02:41,899 INFO: [RealD..][epoch:391, iter: 265,000, lr:(1.458e-05,)] [eta: 14:02:44, time (data): 1.122 (0.000)] l_pix: 7.4740e-03 
2024-11-11 10:21:42,926 INFO: [RealD..][epoch:393, iter: 266,000, lr:(1.383e-05,)] [eta: 13:37:59, time (data): 1.124 (0.000)] l_pix: 5.6306e-03 
2024-11-11 10:40:34,539 INFO: [RealD..][epoch:394, iter: 267,000, lr:(1.311e-05,)] [eta: 13:13:17, time (data): 1.122 (0.000)] l_pix: 8.8111e-03 
2024-11-11 10:59:35,343 INFO: [RealD..][epoch:396, iter: 268,000, lr:(1.240e-05,)] [eta: 12:48:38, time (data): 1.120 (0.000)] l_pix: 1.0506e-02 
2024-11-11 10:59:35,344 INFO: Saving models and training states.
2024-11-11 11:20:01,396 INFO: Validation ValSet,		 # psnr: 39.4285
2024-11-11 11:38:52,870 INFO: [RealD..][epoch:397, iter: 269,000, lr:(1.171e-05,)] [eta: 12:26:24, time (data): 1.124 (0.000)] l_pix: 8.6623e-03 
2024-11-11 11:57:54,603 INFO: [RealD..][epoch:399, iter: 270,000, lr:(1.104e-05,)] [eta: 12:01:45, time (data): 1.122 (0.000)] l_pix: 9.0117e-03 
2024-11-11 12:16:46,371 INFO: [RealD..][epoch:400, iter: 271,000, lr:(1.039e-05,)] [eta: 11:37:07, time (data): 1.121 (0.000)] l_pix: 7.9155e-03 
2024-11-11 12:35:47,798 INFO: [RealD..][epoch:402, iter: 272,000, lr:(9.767e-06,)] [eta: 11:12:34, time (data): 1.122 (0.000)] l_pix: 1.7534e-02 
2024-11-11 12:35:47,798 INFO: Saving models and training states.
2024-11-11 12:56:13,001 INFO: Validation ValSet,		 # psnr: 39.4480
2024-11-11 13:15:04,746 INFO: [RealD..][epoch:403, iter: 273,000, lr:(9.160e-06,)] [eta: 10:50:04, time (data): 1.121 (0.000)] l_pix: 8.4630e-03 
2024-11-11 13:33:57,437 INFO: [RealD..][epoch:404, iter: 274,000, lr:(8.575e-06,)] [eta: 10:25:29, time (data): 1.389 (0.262)] l_pix: 9.0378e-03 
2024-11-11 13:52:58,372 INFO: [RealD..][epoch:406, iter: 275,000, lr:(8.010e-06,)] [eta: 10:00:58, time (data): 1.120 (0.000)] l_pix: 7.8141e-03 
2024-11-11 14:11:51,173 INFO: [RealD..][epoch:407, iter: 276,000, lr:(7.466e-06,)] [eta: 9:36:28, time (data): 1.123 (0.000)] l_pix: 6.3773e-03 
2024-11-11 14:11:51,174 INFO: Saving models and training states.
2024-11-11 14:32:16,171 INFO: Validation ValSet,		 # psnr: 39.4424
2024-11-11 14:32:16,173 INFO: 
 Updating Patch_Size to 256 and Batch_Size to 4 

2024-11-11 14:51:17,710 INFO: [RealD..][epoch:409, iter: 277,000, lr:(6.944e-06,)] [eta: 9:13:45, time (data): 1.123 (0.000)] l_pix: 7.1090e-03 
2024-11-11 15:10:10,133 INFO: [RealD..][epoch:410, iter: 278,000, lr:(6.443e-06,)] [eta: 8:49:15, time (data): 1.123 (0.000)] l_pix: 7.1378e-03 
2024-11-11 15:29:11,037 INFO: [RealD..][epoch:412, iter: 279,000, lr:(5.964e-06,)] [eta: 8:24:49, time (data): 1.121 (0.000)] l_pix: 9.8898e-03 
2024-11-11 15:48:02,651 INFO: [RealD..][epoch:413, iter: 280,000, lr:(5.506e-06,)] [eta: 8:00:24, time (data): 1.123 (0.000)] l_pix: 6.7495e-03 
2024-11-11 15:48:02,652 INFO: Saving models and training states.
2024-11-11 16:08:25,673 INFO: Validation ValSet,		 # psnr: 39.4506
2024-11-11 16:27:26,581 INFO: [RealD..][epoch:415, iter: 281,000, lr:(5.069e-06,)] [eta: 7:37:26, time (data): 1.121 (0.000)] l_pix: 7.3003e-03 
